Using pre-set license
Built from '2021.3/staging' branch; Version is '2021.3.34f1 (25266724e7bd) revision 2434663'; Using compiler version '192829333'; Build Type 'Release'
OS: 'Windows 11  (10.0.22631) 64bit Core' Language: 'en' Physical Memory: 31428 MB
BatchMode: 1, IsHumanControllingUs: 0, StartBugReporterOnCrash: 0, Is64bit: 1, IsPro: 1

COMMAND LINE ARGUMENTS:
C:\Program Files\Unity\Hub\Editor\2021.3.34f1\Editor\Unity.exe
-adb2
-batchMode
-noUpm
-name
AssetImportWorker1
-projectPath
C:/Users/tho493/Documents/quyetProject/3
-logFile
Logs/AssetImportWorker1.log
-srvPort
56553
Successfully changed project path to: C:/Users/tho493/Documents/quyetProject/3
C:/Users/tho493/Documents/quyetProject/3
[UnityMemory] Configuration Parameters - Can be set up in boot.config
    "memorysetup-bucket-allocator-granularity=16"
    "memorysetup-bucket-allocator-bucket-count=8"
    "memorysetup-bucket-allocator-block-size=33554432"
    "memorysetup-bucket-allocator-block-count=8"
    "memorysetup-main-allocator-block-size=16777216"
    "memorysetup-thread-allocator-block-size=16777216"
    "memorysetup-gfx-main-allocator-block-size=16777216"
    "memorysetup-gfx-thread-allocator-block-size=16777216"
    "memorysetup-cache-allocator-block-size=4194304"
    "memorysetup-typetree-allocator-block-size=2097152"
    "memorysetup-profiler-bucket-allocator-granularity=16"
    "memorysetup-profiler-bucket-allocator-bucket-count=8"
    "memorysetup-profiler-bucket-allocator-block-size=33554432"
    "memorysetup-profiler-bucket-allocator-block-count=8"
    "memorysetup-profiler-allocator-block-size=16777216"
    "memorysetup-profiler-editor-allocator-block-size=1048576"
    "memorysetup-temp-allocator-size-main=16777216"
    "memorysetup-job-temp-allocator-block-size=2097152"
    "memorysetup-job-temp-allocator-block-size-background=1048576"
    "memorysetup-job-temp-allocator-reduction-small-platforms=262144"
    "memorysetup-temp-allocator-size-background-worker=32768"
    "memorysetup-temp-allocator-size-job-worker=262144"
    "memorysetup-temp-allocator-size-preload-manager=33554432"
    "memorysetup-temp-allocator-size-nav-mesh-worker=65536"
    "memorysetup-temp-allocator-size-audio-worker=65536"
    "memorysetup-temp-allocator-size-cloud-worker=32768"
    "memorysetup-temp-allocator-size-gi-baking-worker=262144"
    "memorysetup-temp-allocator-size-gfx=262144"
Player connection [41384] Host "[IP] 192.168.0.107 [Port] 0 [Flags] 2 [Guid] 2762355538 [EditorId] 2762355538 [Version] 1048832 [Id] WindowsEditor(7,tho493) [Debug] 1 [PackageName] WindowsEditor [ProjectName] Editor" joined multi-casting on [225.0.0.222:54997]...

Player connection [41384] Host "[IP] 192.168.0.107 [Port] 0 [Flags] 2 [Guid] 2762355538 [EditorId] 2762355538 [Version] 1048832 [Id] WindowsEditor(7,tho493) [Debug] 1 [PackageName] WindowsEditor [ProjectName] Editor" joined alternative multi-casting on [225.0.0.222:34997]...

[Physics::Module] Initialized MultithreadedJobDispatcher with {0} workers.
Refreshing native plugins compatible for Editor in 57.11 ms, found 3 plugins.
Preloading 0 native plugins for Editor in 0.00 ms.
Initialize engine version: 2021.3.34f1 (25266724e7bd)
[Subsystems] Discovering subsystems at path C:/Program Files/Unity/Hub/Editor/2021.3.34f1/Editor/Data/Resources/UnitySubsystems
[Subsystems] Discovering subsystems at path C:/Users/tho493/Documents/quyetProject/3/Assets
GfxDevice: creating device client; threaded=0; jobified=0
Direct3D:
    Version:  Direct3D 11.0 [level 11.1]
    Renderer: NVIDIA GeForce RTX 3050 Laptop GPU (ID=0x25e2)
    Vendor:   NVIDIA
    VRAM:     3964 MB
    Driver:   31.0.15.5123
Initialize mono
Mono path[0] = 'C:/Program Files/Unity/Hub/Editor/2021.3.34f1/Editor/Data/Managed'
Mono path[1] = 'C:/Program Files/Unity/Hub/Editor/2021.3.34f1/Editor/Data/MonoBleedingEdge/lib/mono/unityjit-win32'
Mono config path = 'C:/Program Files/Unity/Hub/Editor/2021.3.34f1/Editor/Data/MonoBleedingEdge/etc'
Using monoOptions --debugger-agent=transport=dt_socket,embedding=1,server=y,suspend=n,address=127.0.0.1:56988
Begin MonoManager ReloadAssembly
Registering precompiled unity dll's ...
Register platform support module: C:/Program Files/Unity/Hub/Editor/2021.3.34f1/Editor/Data/PlaybackEngines/AndroidPlayer/UnityEditor.Android.Extensions.dll
Register platform support module: C:/Program Files/Unity/Hub/Editor/2021.3.34f1/Editor/Data/PlaybackEngines/WindowsStandaloneSupport/UnityEditor.WindowsStandalone.Extensions.dll
Registered in 0.003583 seconds.
Native extension for WindowsStandalone target not found
Native extension for Android target not found
Android Extension - Scanning For ADB Devices 295 ms
Refreshing native plugins compatible for Editor in 45.92 ms, found 3 plugins.
Preloading 0 native plugins for Editor in 0.00 ms.
Mono: successfully reloaded assembly
- Completed reload, in  0.910 seconds
Domain Reload Profiling:
	ReloadAssembly (910ms)
		BeginReloadAssembly (78ms)
			ExecutionOrderSort (0ms)
			DisableScriptedObjects (0ms)
			BackupInstance (0ms)
			ReleaseScriptingObjects (0ms)
			CreateAndSetChildDomain (1ms)
		EndReloadAssembly (755ms)
			LoadAssemblies (77ms)
			RebuildTransferFunctionScriptingTraits (0ms)
			SetupTypeCache (112ms)
			ReleaseScriptCaches (0ms)
			RebuildScriptCaches (26ms)
			SetupLoadedEditorAssemblies (576ms)
				LogAssemblyErrors (0ms)
				InitializePlatformSupportModulesInManaged (412ms)
				SetLoadedEditorAssemblies (0ms)
				RefreshPlugins (46ms)
				BeforeProcessingInitializeOnLoad (1ms)
				ProcessInitializeOnLoadAttributes (78ms)
				ProcessInitializeOnLoadMethodAttributes (38ms)
				AfterProcessingInitializeOnLoad (0ms)
				EditorAssembliesLoaded (0ms)
			ExecutionOrderSort2 (0ms)
			AwakeInstancesAfterBackupRestoration (0ms)
Platform modules already initialized, skipping
Registering precompiled user dll's ...
Registered in 0.005318 seconds.
Begin MonoManager ReloadAssembly
Native extension for WindowsStandalone target not found
Native extension for Android target not found
Refreshing native plugins compatible for Editor in 35.32 ms, found 3 plugins.
Preloading 0 native plugins for Editor in 0.00 ms.
Package Manager log level set to [2]
[Package Manager] Server::EnsureServerProcessIsRunning -- launch failed, reason: Unity was launched with the -noUpm command-line argument
[Package Manager] Cannot connect to Unity Package Manager local server
Mono: successfully reloaded assembly
- Completed reload, in  1.158 seconds
Domain Reload Profiling:
	ReloadAssembly (1158ms)
		BeginReloadAssembly (106ms)
			ExecutionOrderSort (0ms)
			DisableScriptedObjects (5ms)
			BackupInstance (0ms)
			ReleaseScriptingObjects (0ms)
			CreateAndSetChildDomain (23ms)
		EndReloadAssembly (970ms)
			LoadAssemblies (75ms)
			RebuildTransferFunctionScriptingTraits (0ms)
			SetupTypeCache (169ms)
			ReleaseScriptCaches (1ms)
			RebuildScriptCaches (39ms)
			SetupLoadedEditorAssemblies (661ms)
				LogAssemblyErrors (0ms)
				InitializePlatformSupportModulesInManaged (16ms)
				SetLoadedEditorAssemblies (0ms)
				RefreshPlugins (35ms)
				BeforeProcessingInitializeOnLoad (53ms)
				ProcessInitializeOnLoadAttributes (518ms)
				ProcessInitializeOnLoadMethodAttributes (33ms)
				AfterProcessingInitializeOnLoad (7ms)
				EditorAssembliesLoaded (0ms)
			ExecutionOrderSort2 (0ms)
			AwakeInstancesAfterBackupRestoration (7ms)
Platform modules already initialized, skipping
========================================================================
Worker process is ready to serve import requests
Launched and connected shader compiler UnityShaderCompiler.exe after 0.05 seconds
Refreshing native plugins compatible for Editor in 0.76 ms, found 3 plugins.
Preloading 0 native plugins for Editor in 0.00 ms.
Unloading 2459 Unused Serialized files (Serialized files now loaded: 0)
Unloading 49 unused Assets / (1.8 MB). Loaded Objects now: 2910.
Memory consumption went from 124.1 MB to 122.3 MB.
Total: 4.169700 ms (FindLiveObjects: 0.273200 ms CreateObjectMapping: 0.172400 ms MarkObjects: 3.252700 ms  DeleteObjects: 0.469000 ms)

AssetImportParameters requested are different than current active one (requested -> active):
  custom:video-decoder-ogg-theora: a1e56fd34408186e4bbccfd4996cb3dc -> 
  custom:container-muxer-webm: aa71ff27fc2769a1b78a27578f13a17b -> 
  custom:container-demuxer-webm: 4f35f7cbe854078d1ac9338744f61a02 -> 
  custom:video-encoder-webm-vp8: eb34c28f22e8b96e1ab97ce403110664 -> 
  custom:video-codec-MediaFoundation-h265: 746d11721c4dcdbdad8f713fa42b33f4 -> 
  custom:CustomObjectIndexerAttribute: bc11b3a6c3213fcdd17b65e7da85e133 -> 
  custom:audio-encoder-webm-vorbis: bf7c407c2cedff20999df2af8eb42d56 -> 
  custom:framework-win-MediaFoundation: 216162199b28c13a410421893ffa2e32 -> 
  custom:SearchIndexIgnoredProperties: e643bd26f0fe6173181afceb89e7c659 -> 
  custom:container-demuxer-ogg: 62fdf1f143b41e24485cea50d1cbac27 -> 
  custom:video-decoder-webm-vp8: 9c59270c3fd7afecdb556c50c9e8de78 -> 
  custom:audio-decoder-ogg-vorbis: bf7c407c2cedff20999df2af8eb42d56 -> 
========================================================================
Received Import Request.
  Time since last request: 34962.676515 seconds.
  path: Assets/Scenes/Scenes/man2.unity
  artifactKey: Guid(0ac336c1d6030dd43a85d0675fa454c2) Importer(815301076,1909f56bfc062723c751e8b465ee728b)
Number of updated assets reloaded before import = 0
Start importing Assets/Scenes/Scenes/man2.unity using Guid(0ac336c1d6030dd43a85d0675fa454c2) Importer(815301076,1909f56bfc062723c751e8b465ee728b)  -> (artifact id: '57826a8fe93a6e035780f9d3ca71541e') in 0.017183 seconds 
Number of asset objects unloaded after import = 0
========================================================================
Received Import Request.
  Time since last request: 68.138112 seconds.
  path: Assets/Prefabs/bomNo.prefab
  artifactKey: Guid(2e607cb50ef144948aa7a840f0797569) Importer(815301076,1909f56bfc062723c751e8b465ee728b)
Number of updated assets reloaded before import = 0
Start importing Assets/Prefabs/bomNo.prefab using Guid(2e607cb50ef144948aa7a840f0797569) Importer(815301076,1909f56bfc062723c751e8b465ee728b)  -> (artifact id: '43ab94a3e27678854a3950f93e0d3a96') in 0.109465 seconds 
Number of asset objects unloaded after import = 26
========================================================================
Received Import Request.
  Time since last request: 0.000022 seconds.
  path: Assets/Prefabs/dan2.prefab
  artifactKey: Guid(aff0951c0c7470749968f59bbbb3a58e) Importer(815301076,1909f56bfc062723c751e8b465ee728b)
Number of updated assets reloaded before import = 0
Start importing Assets/Prefabs/dan2.prefab using Guid(aff0951c0c7470749968f59bbbb3a58e) Importer(815301076,1909f56bfc062723c751e8b465ee728b)  -> (artifact id: 'c5150df465fa42d3f1888a8da038e36f') in 0.025475 seconds 
Number of asset objects unloaded after import = 10
========================================================================
Received Import Request.
  Time since last request: 0.000023 seconds.
  path: Assets/Prefabs/Explosion.prefab
  artifactKey: Guid(48ad384315ec04b4d930c688f5fcd61b) Importer(815301076,1909f56bfc062723c751e8b465ee728b)
Number of updated assets reloaded before import = 0
Start importing Assets/Prefabs/Explosion.prefab using Guid(48ad384315ec04b4d930c688f5fcd61b) Importer(815301076,1909f56bfc062723c751e8b465ee728b)  -> (artifact id: '55422699c55f7f07ce3e4f7c776e8125') in 0.020470 seconds 
Number of asset objects unloaded after import = 6
========================================================================
Received Import Request.
  Time since last request: 0.000020 seconds.
  path: Assets/Prefabs/danBomNo.prefab
  artifactKey: Guid(ababd22e1ef53bc4aa523643d35e099a) Importer(815301076,1909f56bfc062723c751e8b465ee728b)
Number of updated assets reloaded before import = 0
Start importing Assets/Prefabs/danBomNo.prefab using Guid(ababd22e1ef53bc4aa523643d35e099a) Importer(815301076,1909f56bfc062723c751e8b465ee728b)  -> (artifact id: 'f0f499fa56ad198fcadca3f06d0a92ea') in 0.035313 seconds 
Number of asset objects unloaded after import = 23
========================================================================
Received Import Request.
  Time since last request: 0.000035 seconds.
  path: Assets/Prefabs/boss (1).prefab
  artifactKey: Guid(cf342e81c7790fb4987b5aad40619096) Importer(815301076,1909f56bfc062723c751e8b465ee728b)
Number of updated assets reloaded before import = 0
Start importing Assets/Prefabs/boss (1).prefab using Guid(cf342e81c7790fb4987b5aad40619096) Importer(815301076,1909f56bfc062723c751e8b465ee728b)  -> (artifact id: '93f7c272cb032b7f44cb3aa702549eef') in 0.024611 seconds 
Number of asset objects unloaded after import = 10
========================================================================
Received Import Request.
  Time since last request: 0.000043 seconds.
  path: Assets/Prefabs/booman3.prefab
  artifactKey: Guid(74bf42ad2a4ed2e4a8fa25ee8c633ada) Importer(815301076,1909f56bfc062723c751e8b465ee728b)
Number of updated assets reloaded before import = 0
Start importing Assets/Prefabs/booman3.prefab using Guid(74bf42ad2a4ed2e4a8fa25ee8c633ada) Importer(815301076,1909f56bfc062723c751e8b465ee728b)  -> (artifact id: 'fbb046b8f702b8d5a4a194d13df77d2a') in 0.014898 seconds 
Number of asset objects unloaded after import = 17
========================================================================
Received Import Request.
  Time since last request: 0.000036 seconds.
  path: Assets/Prefabs/danbossman3.prefab
  artifactKey: Guid(86c80a36fd31421489f5d57c73e2ca5c) Importer(815301076,1909f56bfc062723c751e8b465ee728b)
Number of updated assets reloaded before import = 0
Start importing Assets/Prefabs/danbossman3.prefab using Guid(86c80a36fd31421489f5d57c73e2ca5c) Importer(815301076,1909f56bfc062723c751e8b465ee728b)  -> (artifact id: 'e6fb0e6142b9d591075b03e12f9584a6') in 0.013591 seconds 
Number of asset objects unloaded after import = 9
========================================================================
Received Import Request.
  Time since last request: 0.000022 seconds.
  path: Assets/Prefabs/dan2 1.prefab
  artifactKey: Guid(daa8097b90df295419ed810031b6206d) Importer(815301076,1909f56bfc062723c751e8b465ee728b)
Number of updated assets reloaded before import = 0
Start importing Assets/Prefabs/dan2 1.prefab using Guid(daa8097b90df295419ed810031b6206d) Importer(815301076,1909f56bfc062723c751e8b465ee728b)  -> (artifact id: 'd997b0d2089725c9089679dc514c1af1') in 0.026416 seconds 
Number of asset objects unloaded after import = 10
========================================================================
Received Import Request.
  Time since last request: 0.000027 seconds.
  path: Assets/Prefabs/rock.prefab
  artifactKey: Guid(e5453d4e545de7149910849299f9a953) Importer(815301076,1909f56bfc062723c751e8b465ee728b)
Number of updated assets reloaded before import = 0
Start importing Assets/Prefabs/rock.prefab using Guid(e5453d4e545de7149910849299f9a953) Importer(815301076,1909f56bfc062723c751e8b465ee728b)  -> (artifact id: 'f2a2a0e7109a82983d4110bf78693bac') in 0.023892 seconds 
Number of asset objects unloaded after import = 10
========================================================================
Received Import Request.
  Time since last request: 0.000020 seconds.
  path: Assets/Prefabs/MegaExplosion.prefab
  artifactKey: Guid(ef5e19ab964708c4ca031b7cc24465a7) Importer(815301076,1909f56bfc062723c751e8b465ee728b)
Number of updated assets reloaded before import = 0
Start importing Assets/Prefabs/MegaExplosion.prefab using Guid(ef5e19ab964708c4ca031b7cc24465a7) Importer(815301076,1909f56bfc062723c751e8b465ee728b)  -> (artifact id: '440f51518276e735f5d60017cd517c7e') in 0.019974 seconds 
Number of asset objects unloaded after import = 6
========================================================================
Received Import Request.
  Time since last request: 0.000028 seconds.
  path: Assets/Prefabs/spike.prefab
  artifactKey: Guid(bf0d30baf4390194699baf3a5114207b) Importer(815301076,1909f56bfc062723c751e8b465ee728b)
Number of updated assets reloaded before import = 0
Start importing Assets/Prefabs/spike.prefab using Guid(bf0d30baf4390194699baf3a5114207b) Importer(815301076,1909f56bfc062723c751e8b465ee728b)  -> (artifact id: 'fd3c1ffc1fb52403c25221451a9b2082') in 0.017391 seconds 
Number of asset objects unloaded after import = 10
========================================================================
Received Import Request.
  Time since last request: 0.000028 seconds.
  path: Assets/Prefabs/P_Spike (2) Variant.prefab
  artifactKey: Guid(0cfdfa15694b8ae408b96276648e167b) Importer(815301076,1909f56bfc062723c751e8b465ee728b)
Number of updated assets reloaded before import = 0
Start importing Assets/Prefabs/P_Spike (2) Variant.prefab using Guid(0cfdfa15694b8ae408b96276648e167b) Importer(815301076,1909f56bfc062723c751e8b465ee728b)  -> (artifact id: '17d536a60929f51e28faafb4142c66eb') in 0.019997 seconds 
Number of asset objects unloaded after import = 16
========================================================================
Received Import Request.
  Time since last request: 0.000045 seconds.
  path: Assets/Prefabs/danBoss1.prefab
  artifactKey: Guid(9285930c49366fc42bf00ac13a70da62) Importer(815301076,1909f56bfc062723c751e8b465ee728b)
Number of updated assets reloaded before import = 0
Start importing Assets/Prefabs/danBoss1.prefab using Guid(9285930c49366fc42bf00ac13a70da62) Importer(815301076,1909f56bfc062723c751e8b465ee728b)  -> (artifact id: 'a9d2a8721cceee81f691559092696623') in 0.020640 seconds 
Number of asset objects unloaded after import = 10
========================================================================
Received Import Request.
  Time since last request: 0.000032 seconds.
  path: Assets/Prefabs/danboss2.prefab
  artifactKey: Guid(8b430b8cf73dbee46900507b7bbc5020) Importer(815301076,1909f56bfc062723c751e8b465ee728b)
Number of updated assets reloaded before import = 0
Start importing Assets/Prefabs/danboss2.prefab using Guid(8b430b8cf73dbee46900507b7bbc5020) Importer(815301076,1909f56bfc062723c751e8b465ee728b)  -> (artifact id: 'e74d3cfa16618705ecbb2ea76bc65301') in 0.029296 seconds 
Number of asset objects unloaded after import = 10
========================================================================
Received Prepare
Registering precompiled user dll's ...
Registered in 0.004837 seconds.
Begin MonoManager ReloadAssembly
Native extension for WindowsStandalone target not found
Native extension for Android target not found
Refreshing native plugins compatible for Editor in 0.71 ms, found 3 plugins.
Preloading 0 native plugins for Editor in 0.00 ms.
[Package Manager] Server::EnsureServerProcessIsRunning -- launch failed, reason: Unity was launched with the -noUpm command-line argument
[Package Manager] Cannot connect to Unity Package Manager local server
Mono: successfully reloaded assembly
- Completed reload, in  1.144 seconds
Domain Reload Profiling:
	ReloadAssembly (1145ms)
		BeginReloadAssembly (138ms)
			ExecutionOrderSort (0ms)
			DisableScriptedObjects (6ms)
			BackupInstance (0ms)
			ReleaseScriptingObjects (0ms)
			CreateAndSetChildDomain (45ms)
		EndReloadAssembly (918ms)
			LoadAssemblies (81ms)
			RebuildTransferFunctionScriptingTraits (0ms)
			SetupTypeCache (164ms)
			ReleaseScriptCaches (2ms)
			RebuildScriptCaches (43ms)
			SetupLoadedEditorAssemblies (614ms)
				LogAssemblyErrors (0ms)
				InitializePlatformSupportModulesInManaged (16ms)
				SetLoadedEditorAssemblies (0ms)
				RefreshPlugins (1ms)
				BeforeProcessingInitializeOnLoad (51ms)
				ProcessInitializeOnLoadAttributes (512ms)
				ProcessInitializeOnLoadMethodAttributes (29ms)
				AfterProcessingInitializeOnLoad (6ms)
				EditorAssembliesLoaded (0ms)
			ExecutionOrderSort2 (0ms)
			AwakeInstancesAfterBackupRestoration (5ms)
Platform modules already initialized, skipping
Refreshing native plugins compatible for Editor in 0.83 ms, found 3 plugins.
Preloading 0 native plugins for Editor in 0.00 ms.
Unloading 2408 Unused Serialized files (Serialized files now loaded: 0)
Unloading 39 unused Assets / (1.7 MB). Loaded Objects now: 2920.
Memory consumption went from 120.3 MB to 118.6 MB.
Total: 3.639400 ms (FindLiveObjects: 0.257200 ms CreateObjectMapping: 0.073700 ms MarkObjects: 2.827900 ms  DeleteObjects: 0.479500 ms)

AssetImportParameters requested are different than current active one (requested -> active):
  custom:video-decoder-ogg-theora: a1e56fd34408186e4bbccfd4996cb3dc -> 
  custom:container-muxer-webm: aa71ff27fc2769a1b78a27578f13a17b -> 
  custom:container-demuxer-webm: 4f35f7cbe854078d1ac9338744f61a02 -> 
  custom:video-encoder-webm-vp8: eb34c28f22e8b96e1ab97ce403110664 -> 
  custom:video-codec-MediaFoundation-h265: 746d11721c4dcdbdad8f713fa42b33f4 -> 
  custom:CustomObjectIndexerAttribute: bc11b3a6c3213fcdd17b65e7da85e133 -> 
  custom:audio-encoder-webm-vorbis: bf7c407c2cedff20999df2af8eb42d56 -> 
  custom:framework-win-MediaFoundation: 216162199b28c13a410421893ffa2e32 -> 
  custom:SearchIndexIgnoredProperties: e643bd26f0fe6173181afceb89e7c659 -> 
  custom:container-demuxer-ogg: 62fdf1f143b41e24485cea50d1cbac27 -> 
  custom:video-decoder-webm-vp8: 9c59270c3fd7afecdb556c50c9e8de78 -> 
  custom:audio-decoder-ogg-vorbis: bf7c407c2cedff20999df2af8eb42d56 -> 
========================================================================
Received Import Request.
  Time since last request: 119.076965 seconds.
  path: Assets/Prefabs/danBoom.prefab
  artifactKey: Guid(2ef585faa8e53984cbc00b0511eca715) Importer(815301076,1909f56bfc062723c751e8b465ee728b)
Number of updated assets reloaded before import = 0
Start importing Assets/Prefabs/danBoom.prefab using Guid(2ef585faa8e53984cbc00b0511eca715) Importer(815301076,1909f56bfc062723c751e8b465ee728b)  -> (artifact id: 'edfd5351417de6f6604975c587547cde') in 0.030967 seconds 
Number of asset objects unloaded after import = 19
========================================================================
Received Import Request.
  Time since last request: 0.000027 seconds.
  path: Assets/Prefabs/knife.prefab
  artifactKey: Guid(82c4b81f4fe3420439a289e033d3b851) Importer(815301076,1909f56bfc062723c751e8b465ee728b)
Number of updated assets reloaded before import = 0
Start importing Assets/Prefabs/knife.prefab using Guid(82c4b81f4fe3420439a289e033d3b851) Importer(815301076,1909f56bfc062723c751e8b465ee728b)  -> (artifact id: '72fcd8930e707a687e630d7f7f1e7b95') in 0.004755 seconds 
Number of asset objects unloaded after import = 8
========================================================================
Received Import Request.
  Time since last request: 0.000039 seconds.
  path: Assets/Prefabs/P_Spike (26) Variant.prefab
  artifactKey: Guid(29e3a0f9071f8ad498b4fe6a2015048b) Importer(815301076,1909f56bfc062723c751e8b465ee728b)
Number of updated assets reloaded before import = 0
Start importing Assets/Prefabs/P_Spike (26) Variant.prefab using Guid(29e3a0f9071f8ad498b4fe6a2015048b) Importer(815301076,1909f56bfc062723c751e8b465ee728b)  -> (artifact id: '1bc189c4494c135f1f020866f03fb47c') in 0.004869 seconds 
Number of asset objects unloaded after import = 8
========================================================================
Received Import Request.
  Time since last request: 0.000023 seconds.
  path: Assets/Prefabs/P_Spike (2) Variant.prefab
  artifactKey: Guid(0cfdfa15694b8ae408b96276648e167b) Importer(815301076,1909f56bfc062723c751e8b465ee728b)
Number of updated assets reloaded before import = 0
Start importing Assets/Prefabs/P_Spike (2) Variant.prefab using Guid(0cfdfa15694b8ae408b96276648e167b) Importer(815301076,1909f56bfc062723c751e8b465ee728b)  -> (artifact id: '3886be4ef4b2c68d80aaa8f6d081ed78') in 0.003798 seconds 
Number of asset objects unloaded after import = 8
========================================================================
Received Import Request.
  Time since last request: 0.000026 seconds.
  path: Assets/Prefabs/danboss2.prefab
  artifactKey: Guid(8b430b8cf73dbee46900507b7bbc5020) Importer(815301076,1909f56bfc062723c751e8b465ee728b)
Number of updated assets reloaded before import = 0
Start importing Assets/Prefabs/danboss2.prefab using Guid(8b430b8cf73dbee46900507b7bbc5020) Importer(815301076,1909f56bfc062723c751e8b465ee728b)  -> (artifact id: '77f6904b57aee7df938c8a4a42afcce7') in 0.004251 seconds 
Number of asset objects unloaded after import = 8
========================================================================
Received Import Request.
  Time since last request: 93.217516 seconds.
  path: Assets/Sprites/moDau/number-button-illustration-white-background-4182665__1_-removebg-preview.png
  artifactKey: Guid(ae354f0918b408f4d931585669178c95) Importer(815301076,1909f56bfc062723c751e8b465ee728b)
Number of updated assets reloaded before import = 0
Start importing Assets/Sprites/moDau/number-button-illustration-white-background-4182665__1_-removebg-preview.png using Guid(ae354f0918b408f4d931585669178c95) Importer(815301076,1909f56bfc062723c751e8b465ee728b)  -> (artifact id: '296abacf3baf977d3ff8750bef42c2b7') in 0.067745 seconds 
Number of asset objects unloaded after import = 3
========================================================================
Received Import Request.
  Time since last request: 0.000021 seconds.
  path: Assets/Sprites/moDau/number-button-illustration-white-background-41824665-removebg-preview.png
  artifactKey: Guid(aa304219a9cc61b43bd6db158983bc89) Importer(815301076,1909f56bfc062723c751e8b465ee728b)
Number of updated assets reloaded before import = 0
Start importing Assets/Sprites/moDau/number-button-illustration-white-background-41824665-removebg-preview.png using Guid(aa304219a9cc61b43bd6db158983bc89) Importer(815301076,1909f56bfc062723c751e8b465ee728b)  -> (artifact id: '70ab848acf29c1449529bc759fea688a') in 0.045048 seconds 
Number of asset objects unloaded after import = 3
========================================================================
Received Import Request.
  Time since last request: 0.000029 seconds.
  path: Assets/Sprites/moDau/SPRITE.png
  artifactKey: Guid(84f54e6a62ffc0f49bba6f9bea5467d5) Importer(815301076,1909f56bfc062723c751e8b465ee728b)
Number of updated assets reloaded before import = 0
Start importing Assets/Sprites/moDau/SPRITE.png using Guid(84f54e6a62ffc0f49bba6f9bea5467d5) Importer(815301076,1909f56bfc062723c751e8b465ee728b)  -> (artifact id: 'dc6cb5928bd9fc92cf076e67745da1fc') in 0.173532 seconds 
Number of asset objects unloaded after import = 11
========================================================================
Received Import Request.
  Time since last request: 0.000029 seconds.
  path: Assets/Sprites/moDau/RESTART.png
  artifactKey: Guid(53b58ca37ee6c9941be533248aac4c46) Importer(815301076,1909f56bfc062723c751e8b465ee728b)
Number of updated assets reloaded before import = 0
Start importing Assets/Sprites/moDau/RESTART.png using Guid(53b58ca37ee6c9941be533248aac4c46) Importer(815301076,1909f56bfc062723c751e8b465ee728b)  -> (artifact id: '2c5ae16324ef0cf262bf4edef2253c62') in 0.040961 seconds 
Number of asset objects unloaded after import = 3
========================================================================
Received Import Request.
  Time since last request: 1.435452 seconds.
  path: Assets/Sprites/Materials/pngtree-golden-key-golden-key-love-gold-png-image_519713-removebg-preview-removebg-preview.mat
  artifactKey: Guid(301996c6889232b439a27e90390937ba) Importer(815301076,1909f56bfc062723c751e8b465ee728b)
Number of updated assets reloaded before import = 0
Start importing Assets/Sprites/Materials/pngtree-golden-key-golden-key-love-gold-png-image_519713-removebg-preview-removebg-preview.mat using Guid(301996c6889232b439a27e90390937ba) Importer(815301076,1909f56bfc062723c751e8b465ee728b)  -> (artifact id: 'd98d5b66c8c4e0530b6b76659b1d068e') in 0.054933 seconds 
Number of asset objects unloaded after import = 1
