Using pre-set license
Built from '2021.3/staging' branch; Version is '2021.3.34f1 (25266724e7bd) revision 2434663'; Using compiler version '192829333'; Build Type 'Release'
OS: 'Windows 11  (10.0.22631) 64bit Core' Language: 'en' Physical Memory: 31428 MB
BatchMode: 1, IsHumanControllingUs: 0, StartBugReporterOnCrash: 0, Is64bit: 1, IsPro: 1

COMMAND LINE ARGUMENTS:
C:\Program Files\Unity\Hub\Editor\2021.3.34f1\Editor\Unity.exe
-adb2
-batchMode
-noUpm
-name
AssetImportWorker0
-projectPath
E:/Unity Project/quyetProject/1
-logFile
Logs/AssetImportWorker0.log
-srvPort
57459
Successfully changed project path to: E:/Unity Project/quyetProject/1
E:/Unity Project/quyetProject/1
[UnityMemory] Configuration Parameters - Can be set up in boot.config
    "memorysetup-bucket-allocator-granularity=16"
    "memorysetup-bucket-allocator-bucket-count=8"
    "memorysetup-bucket-allocator-block-size=33554432"
    "memorysetup-bucket-allocator-block-count=8"
    "memorysetup-main-allocator-block-size=16777216"
    "memorysetup-thread-allocator-block-size=16777216"
    "memorysetup-gfx-main-allocator-block-size=16777216"
    "memorysetup-gfx-thread-allocator-block-size=16777216"
    "memorysetup-cache-allocator-block-size=4194304"
    "memorysetup-typetree-allocator-block-size=2097152"
    "memorysetup-profiler-bucket-allocator-granularity=16"
    "memorysetup-profiler-bucket-allocator-bucket-count=8"
    "memorysetup-profiler-bucket-allocator-block-size=33554432"
    "memorysetup-profiler-bucket-allocator-block-count=8"
    "memorysetup-profiler-allocator-block-size=16777216"
    "memorysetup-profiler-editor-allocator-block-size=1048576"
    "memorysetup-temp-allocator-size-main=16777216"
    "memorysetup-job-temp-allocator-block-size=2097152"
    "memorysetup-job-temp-allocator-block-size-background=1048576"
    "memorysetup-job-temp-allocator-reduction-small-platforms=262144"
    "memorysetup-temp-allocator-size-background-worker=32768"
    "memorysetup-temp-allocator-size-job-worker=262144"
    "memorysetup-temp-allocator-size-preload-manager=33554432"
    "memorysetup-temp-allocator-size-nav-mesh-worker=65536"
    "memorysetup-temp-allocator-size-audio-worker=65536"
    "memorysetup-temp-allocator-size-cloud-worker=32768"
    "memorysetup-temp-allocator-size-gi-baking-worker=262144"
    "memorysetup-temp-allocator-size-gfx=262144"
Player connection [41468] Host "[IP] 192.168.0.107 [Port] 0 [Flags] 2 [Guid] 844724925 [EditorId] 844724925 [Version] 1048832 [Id] WindowsEditor(7,tho493) [Debug] 1 [PackageName] WindowsEditor [ProjectName] Editor" joined multi-casting on [225.0.0.222:54997]...

Player connection [41468] Host "[IP] 192.168.0.107 [Port] 0 [Flags] 2 [Guid] 844724925 [EditorId] 844724925 [Version] 1048832 [Id] WindowsEditor(7,tho493) [Debug] 1 [PackageName] WindowsEditor [ProjectName] Editor" joined alternative multi-casting on [225.0.0.222:34997]...

[Physics::Module] Initialized MultithreadedJobDispatcher with {0} workers.
Refreshing native plugins compatible for Editor in 38.78 ms, found 3 plugins.
Preloading 0 native plugins for Editor in 0.00 ms.
Initialize engine version: 2021.3.34f1 (25266724e7bd)
[Subsystems] Discovering subsystems at path C:/Program Files/Unity/Hub/Editor/2021.3.34f1/Editor/Data/Resources/UnitySubsystems
[Subsystems] Discovering subsystems at path E:/Unity Project/quyetProject/1/Assets
GfxDevice: creating device client; threaded=0; jobified=0
Direct3D:
    Version:  Direct3D 11.0 [level 11.1]
    Renderer: NVIDIA GeForce RTX 3050 Laptop GPU (ID=0x25e2)
    Vendor:   NVIDIA
    VRAM:     3964 MB
    Driver:   31.0.15.5123
Initialize mono
Mono path[0] = 'C:/Program Files/Unity/Hub/Editor/2021.3.34f1/Editor/Data/Managed'
Mono path[1] = 'C:/Program Files/Unity/Hub/Editor/2021.3.34f1/Editor/Data/MonoBleedingEdge/lib/mono/unityjit-win32'
Mono config path = 'C:/Program Files/Unity/Hub/Editor/2021.3.34f1/Editor/Data/MonoBleedingEdge/etc'
Using monoOptions --debugger-agent=transport=dt_socket,embedding=1,server=y,suspend=n,address=127.0.0.1:56304
Begin MonoManager ReloadAssembly
Registering precompiled unity dll's ...
Register platform support module: C:/Program Files/Unity/Hub/Editor/2021.3.34f1/Editor/Data/PlaybackEngines/AndroidPlayer/UnityEditor.Android.Extensions.dll
Register platform support module: C:/Program Files/Unity/Hub/Editor/2021.3.34f1/Editor/Data/PlaybackEngines/WindowsStandaloneSupport/UnityEditor.WindowsStandalone.Extensions.dll
Registered in 0.003858 seconds.
Native extension for WindowsStandalone target not found
Native extension for Android target not found
Android Extension - Scanning For ADB Devices 310 ms
Refreshing native plugins compatible for Editor in 43.36 ms, found 3 plugins.
Preloading 0 native plugins for Editor in 0.00 ms.
Mono: successfully reloaded assembly
- Completed reload, in  1.060 seconds
Domain Reload Profiling:
	ReloadAssembly (1060ms)
		BeginReloadAssembly (132ms)
			ExecutionOrderSort (0ms)
			DisableScriptedObjects (0ms)
			BackupInstance (0ms)
			ReleaseScriptingObjects (0ms)
			CreateAndSetChildDomain (1ms)
		EndReloadAssembly (832ms)
			LoadAssemblies (131ms)
			RebuildTransferFunctionScriptingTraits (0ms)
			SetupTypeCache (135ms)
			ReleaseScriptCaches (0ms)
			RebuildScriptCaches (27ms)
			SetupLoadedEditorAssemblies (626ms)
				LogAssemblyErrors (0ms)
				InitializePlatformSupportModulesInManaged (442ms)
				SetLoadedEditorAssemblies (0ms)
				RefreshPlugins (44ms)
				BeforeProcessingInitializeOnLoad (2ms)
				ProcessInitializeOnLoadAttributes (90ms)
				ProcessInitializeOnLoadMethodAttributes (49ms)
				AfterProcessingInitializeOnLoad (0ms)
				EditorAssembliesLoaded (0ms)
			ExecutionOrderSort2 (0ms)
			AwakeInstancesAfterBackupRestoration (0ms)
Platform modules already initialized, skipping
Registering precompiled user dll's ...
Registered in 0.006446 seconds.
Begin MonoManager ReloadAssembly
Native extension for WindowsStandalone target not found
Native extension for Android target not found
Refreshing native plugins compatible for Editor in 52.01 ms, found 3 plugins.
Preloading 0 native plugins for Editor in 0.00 ms.
Package Manager log level set to [2]
[Package Manager] Server::EnsureServerProcessIsRunning -- launch failed, reason: Unity was launched with the -noUpm command-line argument
[Package Manager] Cannot connect to Unity Package Manager local server
Mono: successfully reloaded assembly
- Completed reload, in  1.307 seconds
Domain Reload Profiling:
	ReloadAssembly (1308ms)
		BeginReloadAssembly (106ms)
			ExecutionOrderSort (0ms)
			DisableScriptedObjects (5ms)
			BackupInstance (0ms)
			ReleaseScriptingObjects (0ms)
			CreateAndSetChildDomain (24ms)
		EndReloadAssembly (1108ms)
			LoadAssemblies (74ms)
			RebuildTransferFunctionScriptingTraits (0ms)
			SetupTypeCache (218ms)
			ReleaseScriptCaches (1ms)
			RebuildScriptCaches (58ms)
			SetupLoadedEditorAssemblies (708ms)
				LogAssemblyErrors (0ms)
				InitializePlatformSupportModulesInManaged (21ms)
				SetLoadedEditorAssemblies (0ms)
				RefreshPlugins (52ms)
				BeforeProcessingInitializeOnLoad (56ms)
				ProcessInitializeOnLoadAttributes (543ms)
				ProcessInitializeOnLoadMethodAttributes (31ms)
				AfterProcessingInitializeOnLoad (4ms)
				EditorAssembliesLoaded (0ms)
			ExecutionOrderSort2 (0ms)
			AwakeInstancesAfterBackupRestoration (5ms)
Platform modules already initialized, skipping
========================================================================
Worker process is ready to serve import requests
Launched and connected shader compiler UnityShaderCompiler.exe after 0.05 seconds
Refreshing native plugins compatible for Editor in 0.99 ms, found 3 plugins.
Preloading 0 native plugins for Editor in 0.00 ms.
Unloading 2428 Unused Serialized files (Serialized files now loaded: 0)
Unloading 49 unused Assets / (1.8 MB). Loaded Objects now: 2879.
Memory consumption went from 123.4 MB to 121.6 MB.
Total: 5.941100 ms (FindLiveObjects: 0.264100 ms CreateObjectMapping: 0.251200 ms MarkObjects: 4.903000 ms  DeleteObjects: 0.521100 ms)

AssetImportParameters requested are different than current active one (requested -> active):
  custom:video-decoder-ogg-theora: a1e56fd34408186e4bbccfd4996cb3dc -> 
  custom:container-muxer-webm: aa71ff27fc2769a1b78a27578f13a17b -> 
  custom:container-demuxer-webm: 4f35f7cbe854078d1ac9338744f61a02 -> 
  custom:video-encoder-webm-vp8: eb34c28f22e8b96e1ab97ce403110664 -> 
  custom:video-codec-MediaFoundation-h265: 746d11721c4dcdbdad8f713fa42b33f4 -> 
  custom:CustomObjectIndexerAttribute: bc11b3a6c3213fcdd17b65e7da85e133 -> 
  custom:audio-encoder-webm-vorbis: bf7c407c2cedff20999df2af8eb42d56 -> 
  custom:framework-win-MediaFoundation: 216162199b28c13a410421893ffa2e32 -> 
  custom:SearchIndexIgnoredProperties: e643bd26f0fe6173181afceb89e7c659 -> 
  custom:container-demuxer-ogg: 62fdf1f143b41e24485cea50d1cbac27 -> 
  custom:video-decoder-webm-vp8: 9c59270c3fd7afecdb556c50c9e8de78 -> 
  custom:audio-decoder-ogg-vorbis: bf7c407c2cedff20999df2af8eb42d56 -> 
========================================================================
Received Prepare
Registering precompiled user dll's ...
Registered in 0.003950 seconds.
Begin MonoManager ReloadAssembly
Native extension for WindowsStandalone target not found
Native extension for Android target not found
Refreshing native plugins compatible for Editor in 0.70 ms, found 3 plugins.
Preloading 0 native plugins for Editor in 0.00 ms.
[Package Manager] Server::EnsureServerProcessIsRunning -- launch failed, reason: Unity was launched with the -noUpm command-line argument
[Package Manager] Cannot connect to Unity Package Manager local server
Mono: successfully reloaded assembly
- Completed reload, in  1.139 seconds
Domain Reload Profiling:
	ReloadAssembly (1139ms)
		BeginReloadAssembly (131ms)
			ExecutionOrderSort (0ms)
			DisableScriptedObjects (7ms)
			BackupInstance (0ms)
			ReleaseScriptingObjects (0ms)
			CreateAndSetChildDomain (38ms)
		EndReloadAssembly (930ms)
			LoadAssemblies (77ms)
			RebuildTransferFunctionScriptingTraits (0ms)
			SetupTypeCache (157ms)
			ReleaseScriptCaches (1ms)
			RebuildScriptCaches (43ms)
			SetupLoadedEditorAssemblies (619ms)
				LogAssemblyErrors (0ms)
				InitializePlatformSupportModulesInManaged (15ms)
				SetLoadedEditorAssemblies (0ms)
				RefreshPlugins (1ms)
				BeforeProcessingInitializeOnLoad (52ms)
				ProcessInitializeOnLoadAttributes (511ms)
				ProcessInitializeOnLoadMethodAttributes (35ms)
				AfterProcessingInitializeOnLoad (5ms)
				EditorAssembliesLoaded (0ms)
			ExecutionOrderSort2 (0ms)
			AwakeInstancesAfterBackupRestoration (6ms)
Platform modules already initialized, skipping
Refreshing native plugins compatible for Editor in 0.89 ms, found 3 plugins.
Preloading 0 native plugins for Editor in 0.00 ms.
Unloading 2390 Unused Serialized files (Serialized files now loaded: 0)
Unloading 38 unused Assets / (1.7 MB). Loaded Objects now: 2882.
Memory consumption went from 119.6 MB to 117.8 MB.
Total: 4.992500 ms (FindLiveObjects: 0.436000 ms CreateObjectMapping: 0.337700 ms MarkObjects: 3.851500 ms  DeleteObjects: 0.366100 ms)

AssetImportParameters requested are different than current active one (requested -> active):
  custom:video-decoder-ogg-theora: a1e56fd34408186e4bbccfd4996cb3dc -> 
  custom:container-muxer-webm: aa71ff27fc2769a1b78a27578f13a17b -> 
  custom:container-demuxer-webm: 4f35f7cbe854078d1ac9338744f61a02 -> 
  custom:video-encoder-webm-vp8: eb34c28f22e8b96e1ab97ce403110664 -> 
  custom:video-codec-MediaFoundation-h265: 746d11721c4dcdbdad8f713fa42b33f4 -> 
  custom:CustomObjectIndexerAttribute: bc11b3a6c3213fcdd17b65e7da85e133 -> 
  custom:audio-encoder-webm-vorbis: bf7c407c2cedff20999df2af8eb42d56 -> 
  custom:framework-win-MediaFoundation: 216162199b28c13a410421893ffa2e32 -> 
  custom:SearchIndexIgnoredProperties: e643bd26f0fe6173181afceb89e7c659 -> 
  custom:container-demuxer-ogg: 62fdf1f143b41e24485cea50d1cbac27 -> 
  custom:video-decoder-webm-vp8: 9c59270c3fd7afecdb556c50c9e8de78 -> 
  custom:audio-decoder-ogg-vorbis: bf7c407c2cedff20999df2af8eb42d56 -> 
========================================================================
Received Import Request.
  Time since last request: 36478.023619 seconds.
  path: Assets/Scenes/Scenes/Nature_assets.unity
  artifactKey: Guid(d38f3b6ddd7390f44b717e1122bb426a) Importer(815301076,1909f56bfc062723c751e8b465ee728b)
Number of updated assets reloaded before import = 0
Start importing Assets/Scenes/Scenes/Nature_assets.unity using Guid(d38f3b6ddd7390f44b717e1122bb426a) Importer(815301076,1909f56bfc062723c751e8b465ee728b)  -> (artifact id: '72792a51576a501afaae37843d8d7f6e') in 0.017487 seconds 
Number of asset objects unloaded after import = 0
========================================================================
Received Import Request.
  Time since last request: 1.861030 seconds.
  path: Assets/Scenes/Scenes/Nature_props_showcase.unity
  artifactKey: Guid(6bbe50710129d0149ab951136c5115d0) Importer(815301076,1909f56bfc062723c751e8b465ee728b)
Number of updated assets reloaded before import = 0
Start importing Assets/Scenes/Scenes/Nature_props_showcase.unity using Guid(6bbe50710129d0149ab951136c5115d0) Importer(815301076,1909f56bfc062723c751e8b465ee728b)  -> (artifact id: '5ec81f1378fcbc88ea7b047d8808e2b8') in 0.010236 seconds 
Number of asset objects unloaded after import = 0
========================================================================
Received Import Request.
  Time since last request: 8.155204 seconds.
  path: Assets/Animation/Untitled-1_1.controller
  artifactKey: Guid(7cd9fe5f3ec2ac04c8b40a3c936310ba) Importer(815301076,1909f56bfc062723c751e8b465ee728b)
Number of updated assets reloaded before import = 0
Start importing Assets/Animation/Untitled-1_1.controller using Guid(7cd9fe5f3ec2ac04c8b40a3c936310ba) Importer(815301076,1909f56bfc062723c751e8b465ee728b)  -> (artifact id: '6768e76a2524d06ef03f12d074465a9b') in 0.044930 seconds 
Number of asset objects unloaded after import = 4
========================================================================
Received Import Request.
  Time since last request: 0.319555 seconds.
  path: Assets/Animation/Untitled-1_2.controller
  artifactKey: Guid(40e40304cc319944a84f863c18771423) Importer(815301076,1909f56bfc062723c751e8b465ee728b)
Number of updated assets reloaded before import = 0
Start importing Assets/Animation/Untitled-1_2.controller using Guid(40e40304cc319944a84f863c18771423) Importer(815301076,1909f56bfc062723c751e8b465ee728b)  -> (artifact id: '02bb6ad86b9571bb4e9c73af7d0aec99') in 0.010982 seconds 
Number of asset objects unloaded after import = 4
========================================================================
Received Import Request.
  Time since last request: 0.330945 seconds.
  path: Assets/Animation/Untitled-1_3.controller
  artifactKey: Guid(45b7f83ab34264f46bbb70b57865fdf0) Importer(815301076,1909f56bfc062723c751e8b465ee728b)
Number of updated assets reloaded before import = 0
Start importing Assets/Animation/Untitled-1_3.controller using Guid(45b7f83ab34264f46bbb70b57865fdf0) Importer(815301076,1909f56bfc062723c751e8b465ee728b)  -> (artifact id: 'a67f6530ffe22239dd0da51d98cb70a7') in 0.013028 seconds 
Number of asset objects unloaded after import = 4
========================================================================
Received Import Request.
  Time since last request: 6.968764 seconds.
  path: Assets/Animation/z3702753220184_18b77d4bb0c61502e12cb2151d3dc834 (1)_0.controller
  artifactKey: Guid(b0c3512466c6b3544a564feedaf1df7b) Importer(815301076,1909f56bfc062723c751e8b465ee728b)
Number of updated assets reloaded before import = 0
Start importing Assets/Animation/z3702753220184_18b77d4bb0c61502e12cb2151d3dc834 (1)_0.controller using Guid(b0c3512466c6b3544a564feedaf1df7b) Importer(815301076,1909f56bfc062723c751e8b465ee728b)  -> (artifact id: 'ba761c14a95839915b490bab9d64adac') in 0.010403 seconds 
Number of asset objects unloaded after import = 4
========================================================================
Received Import Request.
  Time since last request: 1.232612 seconds.
  path: Assets/Animation/zombie_walk01.controller
  artifactKey: Guid(24f2967b790927a41a205e390bf32b1c) Importer(815301076,1909f56bfc062723c751e8b465ee728b)
Number of updated assets reloaded before import = 0
Start importing Assets/Animation/zombie_walk01.controller using Guid(24f2967b790927a41a205e390bf32b1c) Importer(815301076,1909f56bfc062723c751e8b465ee728b)  -> (artifact id: '45e570bc931f81d9b49028dde8e33196') in 0.010520 seconds 
Number of asset objects unloaded after import = 4
========================================================================
Received Import Request.
  Time since last request: 5.918625 seconds.
  path: Assets/Animation/Hearts_0.controller
  artifactKey: Guid(37f2a817366ceee429f8a3ba09a3812b) Importer(815301076,1909f56bfc062723c751e8b465ee728b)
Number of updated assets reloaded before import = 0
Start importing Assets/Animation/Hearts_0.controller using Guid(37f2a817366ceee429f8a3ba09a3812b) Importer(815301076,1909f56bfc062723c751e8b465ee728b)  -> (artifact id: '40373b6176f37b0ead179cefdaaa10d1') in 0.013657 seconds 
Number of asset objects unloaded after import = 4
========================================================================
Received Import Request.
  Time since last request: 0.638590 seconds.
  path: Assets/Animation/idleOne.anim
  artifactKey: Guid(c7a74a5111d715d4b9b6ba5413e6c149) Importer(815301076,1909f56bfc062723c751e8b465ee728b)
Number of updated assets reloaded before import = 0
Start importing Assets/Animation/idleOne.anim using Guid(c7a74a5111d715d4b9b6ba5413e6c149) Importer(815301076,1909f56bfc062723c751e8b465ee728b)  -> (artifact id: '42dc1d3787851a72809639939a31453a') in 0.012704 seconds 
Number of asset objects unloaded after import = 1
========================================================================
Received Import Request.
  Time since last request: 0.735733 seconds.
  path: Assets/Animation/idleTwo.anim
  artifactKey: Guid(b781c404102b4d9458be3fe03ccfe2a6) Importer(815301076,1909f56bfc062723c751e8b465ee728b)
Number of updated assets reloaded before import = 0
Start importing Assets/Animation/idleTwo.anim using Guid(b781c404102b4d9458be3fe03ccfe2a6) Importer(815301076,1909f56bfc062723c751e8b465ee728b)  -> (artifact id: 'a2f4127d1df5659f7fea1143567bd4d7') in 0.011402 seconds 
Number of asset objects unloaded after import = 1
========================================================================
Received Import Request.
  Time since last request: 0.641017 seconds.
  path: Assets/Animation/introStageOne.anim
  artifactKey: Guid(ae3f46f84b88f6743a0b8a2a16ab6000) Importer(815301076,1909f56bfc062723c751e8b465ee728b)
Number of updated assets reloaded before import = 0
Start importing Assets/Animation/introStageOne.anim using Guid(ae3f46f84b88f6743a0b8a2a16ab6000) Importer(815301076,1909f56bfc062723c751e8b465ee728b)  -> (artifact id: 'a3da364ce2ba2b813c2f594fad2c9f0a') in 0.011578 seconds 
Number of asset objects unloaded after import = 1
========================================================================
Received Import Request.
  Time since last request: 1.282479 seconds.
  path: Assets/Animation/introStageTwo.anim
  artifactKey: Guid(979d5e2c9496c474499ba8d3278a8bb2) Importer(815301076,1909f56bfc062723c751e8b465ee728b)
Number of updated assets reloaded before import = 0
Start importing Assets/Animation/introStageTwo.anim using Guid(979d5e2c9496c474499ba8d3278a8bb2) Importer(815301076,1909f56bfc062723c751e8b465ee728b)  -> (artifact id: 'fbcf4420b15754535cbb875463ec746b') in 0.011720 seconds 
Number of asset objects unloaded after import = 1
========================================================================
Received Import Request.
  Time since last request: 1.059039 seconds.
  path: Assets/Animation/dead.anim
  artifactKey: Guid(4e7864e6babbe7044a27eccbb3851bd0) Importer(815301076,1909f56bfc062723c751e8b465ee728b)
Number of updated assets reloaded before import = 0
Start importing Assets/Animation/dead.anim using Guid(4e7864e6babbe7044a27eccbb3851bd0) Importer(815301076,1909f56bfc062723c751e8b465ee728b)  -> (artifact id: '3dfc0b47d71a0663bf910c221259b4a6') in 0.012131 seconds 
Number of asset objects unloaded after import = 1
========================================================================
Received Import Request.
  Time since last request: 0.480892 seconds.
  path: Assets/Animation/danNo.anim
  artifactKey: Guid(7f126d33bb956d54db3403db81509b29) Importer(815301076,1909f56bfc062723c751e8b465ee728b)
Number of updated assets reloaded before import = 0
Start importing Assets/Animation/danNo.anim using Guid(7f126d33bb956d54db3403db81509b29) Importer(815301076,1909f56bfc062723c751e8b465ee728b)  -> (artifact id: '16bc59c060bec75558c11b10266d8b14') in 0.012754 seconds 
Number of asset objects unloaded after import = 1
========================================================================
Received Import Request.
  Time since last request: 1.861486 seconds.
  path: Assets/Animation/bossTank.anim
  artifactKey: Guid(ec25cee84d142414eaaed0d37b26aace) Importer(815301076,1909f56bfc062723c751e8b465ee728b)
Number of updated assets reloaded before import = 0
Start importing Assets/Animation/bossTank.anim using Guid(ec25cee84d142414eaaed0d37b26aace) Importer(815301076,1909f56bfc062723c751e8b465ee728b)  -> (artifact id: 'ae4885f6e777569cba3f2ad2afbb60fe') in 0.010228 seconds 
Number of asset objects unloaded after import = 1
========================================================================
Received Import Request.
  Time since last request: 0.961974 seconds.
  path: Assets/Animation/bossRun.anim
  artifactKey: Guid(03926a5d2c1c0db489bd6ab791ab0a4b) Importer(815301076,1909f56bfc062723c751e8b465ee728b)
Number of updated assets reloaded before import = 0
Start importing Assets/Animation/bossRun.anim using Guid(03926a5d2c1c0db489bd6ab791ab0a4b) Importer(815301076,1909f56bfc062723c751e8b465ee728b)  -> (artifact id: '0d977b0b7a1ade947b8fa6fd02e57ae5') in 0.010232 seconds 
Number of asset objects unloaded after import = 1
========================================================================
Received Import Request.
  Time since last request: 1.157063 seconds.
  path: Assets/Animation/bossfly.anim
  artifactKey: Guid(250369b4eb98ea04b9f3fb131265469a) Importer(815301076,1909f56bfc062723c751e8b465ee728b)
Number of updated assets reloaded before import = 0
Start importing Assets/Animation/bossfly.anim using Guid(250369b4eb98ea04b9f3fb131265469a) Importer(815301076,1909f56bfc062723c751e8b465ee728b)  -> (artifact id: '2598adc56500ffc077dce0e5104e1d52') in 0.010248 seconds 
Number of asset objects unloaded after import = 1
========================================================================
Received Import Request.
  Time since last request: 0.607092 seconds.
  path: Assets/Animation/boss3run.anim
  artifactKey: Guid(037e22ea6ba404c438dce930b8ae856c) Importer(815301076,1909f56bfc062723c751e8b465ee728b)
Number of updated assets reloaded before import = 0
Start importing Assets/Animation/boss3run.anim using Guid(037e22ea6ba404c438dce930b8ae856c) Importer(815301076,1909f56bfc062723c751e8b465ee728b)  -> (artifact id: '2efde63e766d25fc65c3f762f48f9144') in 0.010241 seconds 
Number of asset objects unloaded after import = 1
========================================================================
Received Import Request.
  Time since last request: 0.870172 seconds.
  path: Assets/Animation/boss2run.anim
  artifactKey: Guid(37d89acd8de6880479be31d970fd1fdd) Importer(815301076,1909f56bfc062723c751e8b465ee728b)
Number of updated assets reloaded before import = 0
Start importing Assets/Animation/boss2run.anim using Guid(37d89acd8de6880479be31d970fd1fdd) Importer(815301076,1909f56bfc062723c751e8b465ee728b)  -> (artifact id: 'f92e5dc9ee598839f7be675f3df2daeb') in 0.012609 seconds 
Number of asset objects unloaded after import = 1
========================================================================
Received Import Request.
  Time since last request: 21.774872 seconds.
  path: Assets/Prefabs/booman3.prefab
  artifactKey: Guid(74bf42ad2a4ed2e4a8fa25ee8c633ada) Importer(815301076,1909f56bfc062723c751e8b465ee728b)
Number of updated assets reloaded before import = 0
Start importing Assets/Prefabs/booman3.prefab using Guid(74bf42ad2a4ed2e4a8fa25ee8c633ada) Importer(815301076,1909f56bfc062723c751e8b465ee728b)  -> (artifact id: '323720f6fb641b96efd8a33587fc38ce') in 0.015807 seconds 
Number of asset objects unloaded after import = 8
========================================================================
Received Import Request.
  Time since last request: 0.005034 seconds.
  path: Assets/Prefabs/danBoom.prefab
  artifactKey: Guid(2ef585faa8e53984cbc00b0511eca715) Importer(815301076,1909f56bfc062723c751e8b465ee728b)
Number of updated assets reloaded before import = 0
Start importing Assets/Prefabs/danBoom.prefab using Guid(2ef585faa8e53984cbc00b0511eca715) Importer(815301076,1909f56bfc062723c751e8b465ee728b)  -> (artifact id: '10cf72b8d68000517830ee84803cb9f0') in 0.010806 seconds 
Number of asset objects unloaded after import = 10
========================================================================
Received Import Request.
  Time since last request: 0.015481 seconds.
  path: Assets/Prefabs/danNo.prefab
  artifactKey: Guid(2754a2c218d339b49893897bc0e79d99) Importer(815301076,1909f56bfc062723c751e8b465ee728b)
Number of updated assets reloaded before import = 0
Start importing Assets/Prefabs/danNo.prefab using Guid(2754a2c218d339b49893897bc0e79d99) Importer(815301076,1909f56bfc062723c751e8b465ee728b)  -> (artifact id: '88fbc1f82262d0ad7324cc08d28fc847') in 0.065748 seconds 
Number of asset objects unloaded after import = 8
========================================================================
Received Import Request.
  Time since last request: 0.000032 seconds.
  path: Assets/Prefabs/spike.prefab
  artifactKey: Guid(bf0d30baf4390194699baf3a5114207b) Importer(815301076,1909f56bfc062723c751e8b465ee728b)
Number of updated assets reloaded before import = 0
Start importing Assets/Prefabs/spike.prefab using Guid(bf0d30baf4390194699baf3a5114207b) Importer(815301076,1909f56bfc062723c751e8b465ee728b)  -> (artifact id: '8a4765c16102826cd6c2a49b0781021b') in 0.031086 seconds 
Number of asset objects unloaded after import = 10
