Using pre-set license
Built from '2021.3/staging' branch; Version is '2021.3.34f1 (25266724e7bd) revision 2434663'; Using compiler version '192829333'; Build Type 'Release'
OS: 'Windows 11  (10.0.22631) 64bit Core' Language: 'en' Physical Memory: 31428 MB
BatchMode: 1, IsHumanControllingUs: 0, StartBugReporterOnCrash: 0, Is64bit: 1, IsPro: 1

COMMAND LINE ARGUMENTS:
C:\Program Files\Unity\Hub\Editor\2021.3.34f1\Editor\Unity.exe
-adb2
-batchMode
-noUpm
-name
AssetImportWorker1
-projectPath
C:/Users/tho493/Documents/quyetProject/4
-logFile
Logs/AssetImportWorker1.log
-srvPort
56195
Successfully changed project path to: C:/Users/tho493/Documents/quyetProject/4
C:/Users/tho493/Documents/quyetProject/4
[UnityMemory] Configuration Parameters - Can be set up in boot.config
    "memorysetup-bucket-allocator-granularity=16"
    "memorysetup-bucket-allocator-bucket-count=8"
    "memorysetup-bucket-allocator-block-size=33554432"
    "memorysetup-bucket-allocator-block-count=8"
    "memorysetup-main-allocator-block-size=16777216"
    "memorysetup-thread-allocator-block-size=16777216"
    "memorysetup-gfx-main-allocator-block-size=16777216"
    "memorysetup-gfx-thread-allocator-block-size=16777216"
    "memorysetup-cache-allocator-block-size=4194304"
    "memorysetup-typetree-allocator-block-size=2097152"
    "memorysetup-profiler-bucket-allocator-granularity=16"
    "memorysetup-profiler-bucket-allocator-bucket-count=8"
    "memorysetup-profiler-bucket-allocator-block-size=33554432"
    "memorysetup-profiler-bucket-allocator-block-count=8"
    "memorysetup-profiler-allocator-block-size=16777216"
    "memorysetup-profiler-editor-allocator-block-size=1048576"
    "memorysetup-temp-allocator-size-main=16777216"
    "memorysetup-job-temp-allocator-block-size=2097152"
    "memorysetup-job-temp-allocator-block-size-background=1048576"
    "memorysetup-job-temp-allocator-reduction-small-platforms=262144"
    "memorysetup-temp-allocator-size-background-worker=32768"
    "memorysetup-temp-allocator-size-job-worker=262144"
    "memorysetup-temp-allocator-size-preload-manager=33554432"
    "memorysetup-temp-allocator-size-nav-mesh-worker=65536"
    "memorysetup-temp-allocator-size-audio-worker=65536"
    "memorysetup-temp-allocator-size-cloud-worker=32768"
    "memorysetup-temp-allocator-size-gi-baking-worker=262144"
    "memorysetup-temp-allocator-size-gfx=262144"
Player connection [42236] Host "[IP] 192.168.0.107 [Port] 0 [Flags] 2 [Guid] 1935788514 [EditorId] 1935788514 [Version] 1048832 [Id] WindowsEditor(7,tho493) [Debug] 1 [PackageName] WindowsEditor [ProjectName] Editor" joined multi-casting on [225.0.0.222:54997]...

Player connection [42236] Host "[IP] 192.168.0.107 [Port] 0 [Flags] 2 [Guid] 1935788514 [EditorId] 1935788514 [Version] 1048832 [Id] WindowsEditor(7,tho493) [Debug] 1 [PackageName] WindowsEditor [ProjectName] Editor" joined alternative multi-casting on [225.0.0.222:34997]...

[Physics::Module] Initialized MultithreadedJobDispatcher with {0} workers.
Refreshing native plugins compatible for Editor in 47.93 ms, found 3 plugins.
Preloading 0 native plugins for Editor in 0.00 ms.
Initialize engine version: 2021.3.34f1 (25266724e7bd)
[Subsystems] Discovering subsystems at path C:/Program Files/Unity/Hub/Editor/2021.3.34f1/Editor/Data/Resources/UnitySubsystems
[Subsystems] Discovering subsystems at path C:/Users/tho493/Documents/quyetProject/4/Assets
GfxDevice: creating device client; threaded=0; jobified=0
Direct3D:
    Version:  Direct3D 11.0 [level 11.1]
    Renderer: NVIDIA GeForce RTX 3050 Laptop GPU (ID=0x25e2)
    Vendor:   NVIDIA
    VRAM:     3964 MB
    Driver:   31.0.15.5123
Initialize mono
Mono path[0] = 'C:/Program Files/Unity/Hub/Editor/2021.3.34f1/Editor/Data/Managed'
Mono path[1] = 'C:/Program Files/Unity/Hub/Editor/2021.3.34f1/Editor/Data/MonoBleedingEdge/lib/mono/unityjit-win32'
Mono config path = 'C:/Program Files/Unity/Hub/Editor/2021.3.34f1/Editor/Data/MonoBleedingEdge/etc'
Using monoOptions --debugger-agent=transport=dt_socket,embedding=1,server=y,suspend=n,address=127.0.0.1:56256
Begin MonoManager ReloadAssembly
Registering precompiled unity dll's ...
Register platform support module: C:/Program Files/Unity/Hub/Editor/2021.3.34f1/Editor/Data/PlaybackEngines/AndroidPlayer/UnityEditor.Android.Extensions.dll
Register platform support module: C:/Program Files/Unity/Hub/Editor/2021.3.34f1/Editor/Data/PlaybackEngines/WindowsStandaloneSupport/UnityEditor.WindowsStandalone.Extensions.dll
Registered in 0.004223 seconds.
Native extension for WindowsStandalone target not found
Native extension for Android target not found
Android Extension - Scanning For ADB Devices 297 ms
Refreshing native plugins compatible for Editor in 53.31 ms, found 3 plugins.
Preloading 0 native plugins for Editor in 0.00 ms.
Mono: successfully reloaded assembly
- Completed reload, in  1.007 seconds
Domain Reload Profiling:
	ReloadAssembly (1007ms)
		BeginReloadAssembly (99ms)
			ExecutionOrderSort (0ms)
			DisableScriptedObjects (0ms)
			BackupInstance (0ms)
			ReleaseScriptingObjects (0ms)
			CreateAndSetChildDomain (1ms)
		EndReloadAssembly (815ms)
			LoadAssemblies (98ms)
			RebuildTransferFunctionScriptingTraits (0ms)
			SetupTypeCache (107ms)
			ReleaseScriptCaches (0ms)
			RebuildScriptCaches (27ms)
			SetupLoadedEditorAssemblies (638ms)
				LogAssemblyErrors (0ms)
				InitializePlatformSupportModulesInManaged (431ms)
				SetLoadedEditorAssemblies (0ms)
				RefreshPlugins (53ms)
				BeforeProcessingInitializeOnLoad (2ms)
				ProcessInitializeOnLoadAttributes (101ms)
				ProcessInitializeOnLoadMethodAttributes (50ms)
				AfterProcessingInitializeOnLoad (0ms)
				EditorAssembliesLoaded (0ms)
			ExecutionOrderSort2 (0ms)
			AwakeInstancesAfterBackupRestoration (0ms)
Platform modules already initialized, skipping
Registering precompiled user dll's ...
Registered in 0.006059 seconds.
Begin MonoManager ReloadAssembly
Native extension for WindowsStandalone target not found
Native extension for Android target not found
Refreshing native plugins compatible for Editor in 42.20 ms, found 3 plugins.
Preloading 0 native plugins for Editor in 0.00 ms.
Package Manager log level set to [2]
[Package Manager] Server::EnsureServerProcessIsRunning -- launch failed, reason: Unity was launched with the -noUpm command-line argument
[Package Manager] Cannot connect to Unity Package Manager local server
Mono: successfully reloaded assembly
- Completed reload, in  1.395 seconds
Domain Reload Profiling:
	ReloadAssembly (1396ms)
		BeginReloadAssembly (153ms)
			ExecutionOrderSort (0ms)
			DisableScriptedObjects (6ms)
			BackupInstance (0ms)
			ReleaseScriptingObjects (0ms)
			CreateAndSetChildDomain (28ms)
		EndReloadAssembly (1139ms)
			LoadAssemblies (109ms)
			RebuildTransferFunctionScriptingTraits (0ms)
			SetupTypeCache (208ms)
			ReleaseScriptCaches (1ms)
			RebuildScriptCaches (52ms)
			SetupLoadedEditorAssemblies (760ms)
				LogAssemblyErrors (0ms)
				InitializePlatformSupportModulesInManaged (19ms)
				SetLoadedEditorAssemblies (0ms)
				RefreshPlugins (42ms)
				BeforeProcessingInitializeOnLoad (62ms)
				ProcessInitializeOnLoadAttributes (593ms)
				ProcessInitializeOnLoadMethodAttributes (37ms)
				AfterProcessingInitializeOnLoad (5ms)
				EditorAssembliesLoaded (0ms)
			ExecutionOrderSort2 (0ms)
			AwakeInstancesAfterBackupRestoration (6ms)
Platform modules already initialized, skipping
========================================================================
Worker process is ready to serve import requests
Launched and connected shader compiler UnityShaderCompiler.exe after 0.06 seconds
Refreshing native plugins compatible for Editor in 0.97 ms, found 3 plugins.
Preloading 0 native plugins for Editor in 0.00 ms.
Unloading 2460 Unused Serialized files (Serialized files now loaded: 0)
Unloading 49 unused Assets / (1.8 MB). Loaded Objects now: 2911.
Memory consumption went from 124.2 MB to 122.4 MB.
Total: 4.849800 ms (FindLiveObjects: 0.262800 ms CreateObjectMapping: 0.190300 ms MarkObjects: 3.866700 ms  DeleteObjects: 0.528500 ms)

AssetImportParameters requested are different than current active one (requested -> active):
  custom:video-decoder-ogg-theora: a1e56fd34408186e4bbccfd4996cb3dc -> 
  custom:container-muxer-webm: aa71ff27fc2769a1b78a27578f13a17b -> 
  custom:container-demuxer-webm: 4f35f7cbe854078d1ac9338744f61a02 -> 
  custom:video-encoder-webm-vp8: eb34c28f22e8b96e1ab97ce403110664 -> 
  custom:video-codec-MediaFoundation-h265: 746d11721c4dcdbdad8f713fa42b33f4 -> 
  custom:CustomObjectIndexerAttribute: bc11b3a6c3213fcdd17b65e7da85e133 -> 
  custom:audio-encoder-webm-vorbis: bf7c407c2cedff20999df2af8eb42d56 -> 
  custom:framework-win-MediaFoundation: 216162199b28c13a410421893ffa2e32 -> 
  custom:SearchIndexIgnoredProperties: e643bd26f0fe6173181afceb89e7c659 -> 
  custom:container-demuxer-ogg: 62fdf1f143b41e24485cea50d1cbac27 -> 
  custom:video-decoder-webm-vp8: 9c59270c3fd7afecdb556c50c9e8de78 -> 
  custom:audio-decoder-ogg-vorbis: bf7c407c2cedff20999df2af8eb42d56 -> 
========================================================================
Received Import Request.
  Time since last request: 34515.435329 seconds.
  path: Assets/Sprites/2d26db54ce533e825c4edbde89f8a73e-removebg-preview.png
  artifactKey: Guid(8f29d50b56a9cef42abef5689403eaf2) Importer(815301076,1909f56bfc062723c751e8b465ee728b)
Number of updated assets reloaded before import = 0
Start importing Assets/Sprites/2d26db54ce533e825c4edbde89f8a73e-removebg-preview.png using Guid(8f29d50b56a9cef42abef5689403eaf2) Importer(815301076,1909f56bfc062723c751e8b465ee728b)  -> (artifact id: '810e7518bc83071a1ccd0a503b0fb324') in 0.150297 seconds 
Number of asset objects unloaded after import = 4
========================================================================
Received Import Request.
  Time since last request: 0.000044 seconds.
  path: Assets/Sprites/bloodsplats_0002.png
  artifactKey: Guid(e5e42d66428c70f4ab38fa0338cd9c90) Importer(815301076,1909f56bfc062723c751e8b465ee728b)
Number of updated assets reloaded before import = 0
Start importing Assets/Sprites/bloodsplats_0002.png using Guid(e5e42d66428c70f4ab38fa0338cd9c90) Importer(815301076,1909f56bfc062723c751e8b465ee728b)  -> (artifact id: '946ed1dad7c461410edc14af09ac0837') in 0.034227 seconds 
Number of asset objects unloaded after import = 3
========================================================================
Received Import Request.
  Time since last request: 0.000032 seconds.
  path: Assets/Sprites/coin04.png
  artifactKey: Guid(ac74c5b4499bc114ea29cc7ce10265ce) Importer(815301076,1909f56bfc062723c751e8b465ee728b)
Number of updated assets reloaded before import = 0
Start importing Assets/Sprites/coin04.png using Guid(ac74c5b4499bc114ea29cc7ce10265ce) Importer(815301076,1909f56bfc062723c751e8b465ee728b)  -> (artifact id: '46d9b2d3c96cbf04b759d74a278c702b') in 0.042812 seconds 
Number of asset objects unloaded after import = 3
========================================================================
Received Import Request.
  Time since last request: 0.000022 seconds.
  path: Assets/Sprites/button-preview-removebg-preview.png
  artifactKey: Guid(68770b05281a95742990a5ce18862c3e) Importer(815301076,1909f56bfc062723c751e8b465ee728b)
Number of updated assets reloaded before import = 0
Start importing Assets/Sprites/button-preview-removebg-preview.png using Guid(68770b05281a95742990a5ce18862c3e) Importer(815301076,1909f56bfc062723c751e8b465ee728b)  -> (artifact id: 'a572a5145f3f0b384d80f3574e42133e') in 0.041547 seconds 
Number of asset objects unloaded after import = 3
========================================================================
Received Import Request.
  Time since last request: 0.000027 seconds.
  path: Assets/Sprites/ghost.png
  artifactKey: Guid(5aae0f53d4bec8f4384fdecd61f6d95c) Importer(815301076,1909f56bfc062723c751e8b465ee728b)
Number of updated assets reloaded before import = 0
Start importing Assets/Sprites/ghost.png using Guid(5aae0f53d4bec8f4384fdecd61f6d95c) Importer(815301076,1909f56bfc062723c751e8b465ee728b)  -> (artifact id: '39ee9b02478b3c53541fbedfb8d91f4e') in 0.041737 seconds 
Number of asset objects unloaded after import = 12
========================================================================
Received Import Request.
  Time since last request: 0.000019 seconds.
  path: Assets/Sprites/bloodsplats_0001.png
  artifactKey: Guid(50163f2986ea27b4d84e7c354d521e32) Importer(815301076,1909f56bfc062723c751e8b465ee728b)
Number of updated assets reloaded before import = 0
Start importing Assets/Sprites/bloodsplats_0001.png using Guid(50163f2986ea27b4d84e7c354d521e32) Importer(815301076,1909f56bfc062723c751e8b465ee728b)  -> (artifact id: '2c2ea91d2401618702c161d668f91752') in 0.028960 seconds 
Number of asset objects unloaded after import = 3
========================================================================
Received Import Request.
  Time since last request: 0.000023 seconds.
  path: Assets/Sprites/zombie_walk01.png
  artifactKey: Guid(3b94bec64a474e840a8dbd37af7474b0) Importer(815301076,1909f56bfc062723c751e8b465ee728b)
Number of updated assets reloaded before import = 0
Start importing Assets/Sprites/zombie_walk01.png using Guid(3b94bec64a474e840a8dbd37af7474b0) Importer(815301076,1909f56bfc062723c751e8b465ee728b)  -> (artifact id: '5095772171bca18f0cc97b2427f284d7') in 0.053103 seconds 
Number of asset objects unloaded after import = 3
========================================================================
Received Import Request.
  Time since last request: 0.000027 seconds.
  path: Assets/Sprites/sprite_baboonMonkJump.png
  artifactKey: Guid(3f7b66b5a36cac542b57a84cca34dc06) Importer(815301076,1909f56bfc062723c751e8b465ee728b)
Number of updated assets reloaded before import = 0
Start importing Assets/Sprites/sprite_baboonMonkJump.png using Guid(3f7b66b5a36cac542b57a84cca34dc06) Importer(815301076,1909f56bfc062723c751e8b465ee728b)  -> (artifact id: 'caa119c7c220b18dc0a681fcf826ed07') in 0.032767 seconds 
Number of asset objects unloaded after import = 3
========================================================================
Received Import Request.
  Time since last request: 0.000039 seconds.
  path: Assets/Sprites/Arrow_02.png
  artifactKey: Guid(44cb49b18f9fa124f9fcede89df3d7af) Importer(815301076,1909f56bfc062723c751e8b465ee728b)
Number of updated assets reloaded before import = 0
Start importing Assets/Sprites/Arrow_02.png using Guid(44cb49b18f9fa124f9fcede89df3d7af) Importer(815301076,1909f56bfc062723c751e8b465ee728b)  -> (artifact id: 'e30dabe5ba7be91f99ae1904aa2747f2') in 0.029004 seconds 
Number of asset objects unloaded after import = 3
========================================================================
Received Import Request.
  Time since last request: 0.000020 seconds.
  path: Assets/Sprites/golden-podium-spotlight-dark-background-fog-confetti-first-place-fame-popularity-vector-golden-podium-158560466.jpg
  artifactKey: Guid(7ccc272a8c0ee2b44b3fcab1941e094b) Importer(815301076,1909f56bfc062723c751e8b465ee728b)
Number of updated assets reloaded before import = 0
Start importing Assets/Sprites/golden-podium-spotlight-dark-background-fog-confetti-first-place-fame-popularity-vector-golden-podium-158560466.jpg using Guid(7ccc272a8c0ee2b44b3fcab1941e094b) Importer(815301076,1909f56bfc062723c751e8b465ee728b)  -> (artifact id: '07477c10ac84e9961fb2449f649e3344') in 0.152157 seconds 
Number of asset objects unloaded after import = 3
========================================================================
Received Import Request.
  Time since last request: 0.000027 seconds.
  path: Assets/Sprites/bloodsplats_0003.png
  artifactKey: Guid(5caaeb4c312ec04449f7595471d33c34) Importer(815301076,1909f56bfc062723c751e8b465ee728b)
Number of updated assets reloaded before import = 0
Start importing Assets/Sprites/bloodsplats_0003.png using Guid(5caaeb4c312ec04449f7595471d33c34) Importer(815301076,1909f56bfc062723c751e8b465ee728b)  -> (artifact id: '27dc571d64d011275c372cf9854055d6') in 0.030760 seconds 
Number of asset objects unloaded after import = 3
========================================================================
Received Import Request.
  Time since last request: 0.000029 seconds.
  path: Assets/Sprites/bloodsplats_0007.png
  artifactKey: Guid(d25eb3fd433a24e469cb426cd16750f0) Importer(815301076,1909f56bfc062723c751e8b465ee728b)
Number of updated assets reloaded before import = 0
Start importing Assets/Sprites/bloodsplats_0007.png using Guid(d25eb3fd433a24e469cb426cd16750f0) Importer(815301076,1909f56bfc062723c751e8b465ee728b)  -> (artifact id: '58a0af0a5bc861ef5b4cfc464ae992ac') in 0.026686 seconds 
Number of asset objects unloaded after import = 3
========================================================================
Received Import Request.
  Time since last request: 0.000032 seconds.
  path: Assets/Sprites/istockphoto-1157803101-1024x1024-removebg-preview.png
  artifactKey: Guid(6c2e72aeeb6bb4342a53d70dc72dddab) Importer(815301076,1909f56bfc062723c751e8b465ee728b)
Number of updated assets reloaded before import = 0
Start importing Assets/Sprites/istockphoto-1157803101-1024x1024-removebg-preview.png using Guid(6c2e72aeeb6bb4342a53d70dc72dddab) Importer(815301076,1909f56bfc062723c751e8b465ee728b)  -> (artifact id: '2212dd33dc55ca3075aae5b4d5ff9b1c') in 0.042385 seconds 
Number of asset objects unloaded after import = 3
========================================================================
Received Import Request.
  Time since last request: 0.000018 seconds.
  path: Assets/Sprites/coin03.png
  artifactKey: Guid(bf74531f530123e46914d5953ff00449) Importer(815301076,1909f56bfc062723c751e8b465ee728b)
Number of updated assets reloaded before import = 0
Start importing Assets/Sprites/coin03.png using Guid(bf74531f530123e46914d5953ff00449) Importer(815301076,1909f56bfc062723c751e8b465ee728b)  -> (artifact id: '60b9bf6e867844b1abd4157577955e65') in 0.026148 seconds 
Number of asset objects unloaded after import = 3
========================================================================
Received Import Request.
  Time since last request: 0.000030 seconds.
  path: Assets/Sprites/bloodsplats_0004.png
  artifactKey: Guid(f36941e18c9866f48941a7ab0496c1a9) Importer(815301076,1909f56bfc062723c751e8b465ee728b)
Number of updated assets reloaded before import = 0
Start importing Assets/Sprites/bloodsplats_0004.png using Guid(f36941e18c9866f48941a7ab0496c1a9) Importer(815301076,1909f56bfc062723c751e8b465ee728b)  -> (artifact id: '38aad28ca51c90404a965520aab78465') in 0.028759 seconds 
Number of asset objects unloaded after import = 3
========================================================================
Received Import Request.
  Time since last request: 0.000029 seconds.
  path: Assets/Sprites/walk.png
  artifactKey: Guid(d2ce0fb3f594b4444a07bbc24acf0cdf) Importer(815301076,1909f56bfc062723c751e8b465ee728b)
Number of updated assets reloaded before import = 0
Start importing Assets/Sprites/walk.png using Guid(d2ce0fb3f594b4444a07bbc24acf0cdf) Importer(815301076,1909f56bfc062723c751e8b465ee728b)  -> (artifact id: 'dab507136711e4c0012fa85cfc5d8eb9') in 0.070768 seconds 
Number of asset objects unloaded after import = 12
========================================================================
Received Import Request.
  Time since last request: 0.000027 seconds.
  path: Assets/Sprites/Untitled-1.png
  artifactKey: Guid(ada0cc5af596b674aa3ec634e8a1eaad) Importer(815301076,1909f56bfc062723c751e8b465ee728b)
Number of updated assets reloaded before import = 0
Start importing Assets/Sprites/Untitled-1.png using Guid(ada0cc5af596b674aa3ec634e8a1eaad) Importer(815301076,1909f56bfc062723c751e8b465ee728b)  -> (artifact id: 'f14895dd6f363ab069cd0dfd534a8ef5') in 0.070962 seconds 
Number of asset objects unloaded after import = 17
========================================================================
Received Import Request.
  Time since last request: 0.000023 seconds.
  path: Assets/Sprites/Background.png
  artifactKey: Guid(2e74db3a0ff11fe429fd8a8166241225) Importer(815301076,1909f56bfc062723c751e8b465ee728b)
Number of updated assets reloaded before import = 0
Start importing Assets/Sprites/Background.png using Guid(2e74db3a0ff11fe429fd8a8166241225) Importer(815301076,1909f56bfc062723c751e8b465ee728b)  -> (artifact id: 'b20c2aa256d7065505c6945bb5fd2208') in 0.034020 seconds 
Number of asset objects unloaded after import = 3
========================================================================
Received Import Request.
  Time since last request: 0.000032 seconds.
  path: Assets/Sprites/cancel-47588_1280-removebg-preview.png
  artifactKey: Guid(2aabcd8257ff0f84481daacbe1104f04) Importer(815301076,1909f56bfc062723c751e8b465ee728b)
Number of updated assets reloaded before import = 0
Start importing Assets/Sprites/cancel-47588_1280-removebg-preview.png using Guid(2aabcd8257ff0f84481daacbe1104f04) Importer(815301076,1909f56bfc062723c751e8b465ee728b)  -> (artifact id: '66c20aee4d872fab5ec1629069d23ec9') in 0.042347 seconds 
Number of asset objects unloaded after import = 3
========================================================================
Received Import Request.
  Time since last request: 0.000021 seconds.
  path: Assets/Sprites/z3702753220184_18b77d4bb0c61502e12cb2151d3dc834 (1).jpg
  artifactKey: Guid(4b47124fb2d0e3447ab1bdedfa5b75fb) Importer(815301076,1909f56bfc062723c751e8b465ee728b)
Number of updated assets reloaded before import = 0
Start importing Assets/Sprites/z3702753220184_18b77d4bb0c61502e12cb2151d3dc834 (1).jpg using Guid(4b47124fb2d0e3447ab1bdedfa5b75fb) Importer(815301076,1909f56bfc062723c751e8b465ee728b)  -> (artifact id: '96b5ec911ffa898e102ab4034b7d35e2') in 0.043959 seconds 
Number of asset objects unloaded after import = 10
========================================================================
Received Import Request.
  Time since last request: 0.000024 seconds.
  path: Assets/Sprites/tank.png
  artifactKey: Guid(c60e5a8d40ddbbf428eeb6089f9f6ff8) Importer(815301076,1909f56bfc062723c751e8b465ee728b)
Number of updated assets reloaded before import = 0
Start importing Assets/Sprites/tank.png using Guid(c60e5a8d40ddbbf428eeb6089f9f6ff8) Importer(815301076,1909f56bfc062723c751e8b465ee728b)  -> (artifact id: '2119dce9d55318e069fe9abf42121220') in 0.055994 seconds 
Number of asset objects unloaded after import = 10
========================================================================
Received Import Request.
  Time since last request: 0.000017 seconds.
  path: Assets/Sprites/zombie_walk05.png
  artifactKey: Guid(4636d524e6b0ce940996e2931c62cd73) Importer(815301076,1909f56bfc062723c751e8b465ee728b)
Number of updated assets reloaded before import = 0
Start importing Assets/Sprites/zombie_walk05.png using Guid(4636d524e6b0ce940996e2931c62cd73) Importer(815301076,1909f56bfc062723c751e8b465ee728b)  -> (artifact id: '03752b703d0930a6ab4ff87e48863048') in 0.045840 seconds 
Number of asset objects unloaded after import = 3
========================================================================
Received Import Request.
  Time since last request: 0.000024 seconds.
  path: Assets/Sprites/z3815903863181_779f20a9c8624ed71e8b0387534ae5bb.jpg
  artifactKey: Guid(ecc6a502ce6615a4cb10925ce3cfef3e) Importer(815301076,1909f56bfc062723c751e8b465ee728b)
Number of updated assets reloaded before import = 0
Start importing Assets/Sprites/z3815903863181_779f20a9c8624ed71e8b0387534ae5bb.jpg using Guid(ecc6a502ce6615a4cb10925ce3cfef3e) Importer(815301076,1909f56bfc062723c751e8b465ee728b)  -> (artifact id: '2ffdd33cb0d4f035c666aa8caf15b57b') in 0.062095 seconds 
Number of asset objects unloaded after import = 3
========================================================================
Received Import Request.
  Time since last request: 0.000023 seconds.
  path: Assets/Sprites/zombie_walk04.png
  artifactKey: Guid(dbb9c27e6dd6f5342ae5358735f6e196) Importer(815301076,1909f56bfc062723c751e8b465ee728b)
Number of updated assets reloaded before import = 0
Start importing Assets/Sprites/zombie_walk04.png using Guid(dbb9c27e6dd6f5342ae5358735f6e196) Importer(815301076,1909f56bfc062723c751e8b465ee728b)  -> (artifact id: '90fd6e84cd15a2765f3cc0804dd19e96') in 0.055620 seconds 
Number of asset objects unloaded after import = 3
========================================================================
Received Prepare
Registering precompiled user dll's ...
Registered in 0.004936 seconds.
Begin MonoManager ReloadAssembly
Native extension for WindowsStandalone target not found
Native extension for Android target not found
Refreshing native plugins compatible for Editor in 1.25 ms, found 3 plugins.
Preloading 0 native plugins for Editor in 0.00 ms.
[Package Manager] Server::EnsureServerProcessIsRunning -- launch failed, reason: Unity was launched with the -noUpm command-line argument
[Package Manager] Cannot connect to Unity Package Manager local server
Mono: successfully reloaded assembly
- Completed reload, in  1.174 seconds
Domain Reload Profiling:
	ReloadAssembly (1174ms)
		BeginReloadAssembly (146ms)
			ExecutionOrderSort (0ms)
			DisableScriptedObjects (8ms)
			BackupInstance (0ms)
			ReleaseScriptingObjects (0ms)
			CreateAndSetChildDomain (46ms)
		EndReloadAssembly (945ms)
			LoadAssemblies (88ms)
			RebuildTransferFunctionScriptingTraits (0ms)
			SetupTypeCache (175ms)
			ReleaseScriptCaches (2ms)
			RebuildScriptCaches (42ms)
			SetupLoadedEditorAssemblies (625ms)
				LogAssemblyErrors (0ms)
				InitializePlatformSupportModulesInManaged (21ms)
				SetLoadedEditorAssemblies (0ms)
				RefreshPlugins (1ms)
				BeforeProcessingInitializeOnLoad (56ms)
				ProcessInitializeOnLoadAttributes (510ms)
				ProcessInitializeOnLoadMethodAttributes (30ms)
				AfterProcessingInitializeOnLoad (6ms)
				EditorAssembliesLoaded (0ms)
			ExecutionOrderSort2 (0ms)
			AwakeInstancesAfterBackupRestoration (7ms)
Platform modules already initialized, skipping
Refreshing native plugins compatible for Editor in 0.88 ms, found 3 plugins.
Preloading 0 native plugins for Editor in 0.00 ms.
Unloading 2421 Unused Serialized files (Serialized files now loaded: 0)
Unloading 38 unused Assets / (1.7 MB). Loaded Objects now: 3036.
Memory consumption went from 120.6 MB to 118.9 MB.
Total: 3.690900 ms (FindLiveObjects: 0.276600 ms CreateObjectMapping: 0.180800 ms MarkObjects: 2.834100 ms  DeleteObjects: 0.396500 ms)

AssetImportParameters requested are different than current active one (requested -> active):
  custom:video-decoder-ogg-theora: a1e56fd34408186e4bbccfd4996cb3dc -> 
  custom:container-muxer-webm: aa71ff27fc2769a1b78a27578f13a17b -> 
  custom:container-demuxer-webm: 4f35f7cbe854078d1ac9338744f61a02 -> 
  custom:video-encoder-webm-vp8: eb34c28f22e8b96e1ab97ce403110664 -> 
  custom:video-codec-MediaFoundation-h265: 746d11721c4dcdbdad8f713fa42b33f4 -> 
  custom:CustomObjectIndexerAttribute: bc11b3a6c3213fcdd17b65e7da85e133 -> 
  custom:audio-encoder-webm-vorbis: bf7c407c2cedff20999df2af8eb42d56 -> 
  custom:framework-win-MediaFoundation: 216162199b28c13a410421893ffa2e32 -> 
  custom:SearchIndexIgnoredProperties: e643bd26f0fe6173181afceb89e7c659 -> 
  custom:container-demuxer-ogg: 62fdf1f143b41e24485cea50d1cbac27 -> 
  custom:video-decoder-webm-vp8: 9c59270c3fd7afecdb556c50c9e8de78 -> 
  custom:audio-decoder-ogg-vorbis: bf7c407c2cedff20999df2af8eb42d56 -> 
========================================================================
Received Import Request.
  Time since last request: 95.109639 seconds.
  path: Assets/Nature_pixel_art_assets/Nature_tiles_01/nature_environment_01_1.asset
  artifactKey: Guid(f89e0e4d00dd9ff4a82ac37553eb9157) Importer(815301076,1909f56bfc062723c751e8b465ee728b)
Number of updated assets reloaded before import = 0
Start importing Assets/Nature_pixel_art_assets/Nature_tiles_01/nature_environment_01_1.asset using Guid(f89e0e4d00dd9ff4a82ac37553eb9157) Importer(815301076,1909f56bfc062723c751e8b465ee728b)  -> (artifact id: '915d0252713992c9626ca8a58a01ac1e') in 0.059125 seconds 
Number of asset objects unloaded after import = 3
========================================================================
Received Import Request.
  Time since last request: 0.000020 seconds.
  path: Assets/Nature_pixel_art_assets/Nature_tiles_01/nature_environment_01_31.asset
  artifactKey: Guid(4a52573e169b6a6448cac353b784bcf8) Importer(815301076,1909f56bfc062723c751e8b465ee728b)
Number of updated assets reloaded before import = 0
Start importing Assets/Nature_pixel_art_assets/Nature_tiles_01/nature_environment_01_31.asset using Guid(4a52573e169b6a6448cac353b784bcf8) Importer(815301076,1909f56bfc062723c751e8b465ee728b)  -> (artifact id: '61797c06a72fb0437e202cdc947dbfef') in 0.024025 seconds 
Number of asset objects unloaded after import = 3
========================================================================
Received Import Request.
  Time since last request: 0.000023 seconds.
  path: Assets/Nature_pixel_art_assets/Nature_tiles_01/nature_environment_01_21.asset
  artifactKey: Guid(1ee469289045b9d429f71472649a16d6) Importer(815301076,1909f56bfc062723c751e8b465ee728b)
Number of updated assets reloaded before import = 0
Start importing Assets/Nature_pixel_art_assets/Nature_tiles_01/nature_environment_01_21.asset using Guid(1ee469289045b9d429f71472649a16d6) Importer(815301076,1909f56bfc062723c751e8b465ee728b)  -> (artifact id: '0e735a5907b7342a3a9635f0edaaae1b') in 0.019659 seconds 
Number of asset objects unloaded after import = 3
========================================================================
Received Import Request.
  Time since last request: 0.000024 seconds.
  path: Assets/Nature_pixel_art_assets/Nature_tiles_01/nature_environment_01_94.asset
  artifactKey: Guid(7f5d80de65df04943abcd281deb783fb) Importer(815301076,1909f56bfc062723c751e8b465ee728b)
Number of updated assets reloaded before import = 0
Start importing Assets/Nature_pixel_art_assets/Nature_tiles_01/nature_environment_01_94.asset using Guid(7f5d80de65df04943abcd281deb783fb) Importer(815301076,1909f56bfc062723c751e8b465ee728b)  -> (artifact id: 'd2e7199738563efa238268c742987425') in 0.022513 seconds 
Number of asset objects unloaded after import = 3
========================================================================
Received Import Request.
  Time since last request: 0.000024 seconds.
  path: Assets/Nature_pixel_art_assets/Nature_tiles_01/nature_environment_01_99.asset
  artifactKey: Guid(fdd60fe29a9d5924aa0054889dd82796) Importer(815301076,1909f56bfc062723c751e8b465ee728b)
Number of updated assets reloaded before import = 0
Start importing Assets/Nature_pixel_art_assets/Nature_tiles_01/nature_environment_01_99.asset using Guid(fdd60fe29a9d5924aa0054889dd82796) Importer(815301076,1909f56bfc062723c751e8b465ee728b)  -> (artifact id: '846838cb2e1a31a4ee115f1d87455f32') in 0.018667 seconds 
Number of asset objects unloaded after import = 3
========================================================================
Received Import Request.
  Time since last request: 0.000017 seconds.
  path: Assets/Nature_pixel_art_assets/Nature_tiles_01/nature_environment_01_63.asset
  artifactKey: Guid(cd736c9958b9f87439bfad4ed2cf5036) Importer(815301076,1909f56bfc062723c751e8b465ee728b)
Number of updated assets reloaded before import = 0
Start importing Assets/Nature_pixel_art_assets/Nature_tiles_01/nature_environment_01_63.asset using Guid(cd736c9958b9f87439bfad4ed2cf5036) Importer(815301076,1909f56bfc062723c751e8b465ee728b)  -> (artifact id: '75e1f1ed603830d528f3540bfab775c1') in 0.021175 seconds 
Number of asset objects unloaded after import = 3
========================================================================
Received Import Request.
  Time since last request: 0.000023 seconds.
  path: Assets/Nature_pixel_art_assets/Nature_tiles_01/nature_environment_01_6.asset
  artifactKey: Guid(e74c3baec492aa2438f762ec6c7c0072) Importer(815301076,1909f56bfc062723c751e8b465ee728b)
Number of updated assets reloaded before import = 0
Start importing Assets/Nature_pixel_art_assets/Nature_tiles_01/nature_environment_01_6.asset using Guid(e74c3baec492aa2438f762ec6c7c0072) Importer(815301076,1909f56bfc062723c751e8b465ee728b)  -> (artifact id: 'aafc7205970df880cf4647834447dce9') in 0.021190 seconds 
Number of asset objects unloaded after import = 3
========================================================================
Received Import Request.
  Time since last request: 0.000032 seconds.
  path: Assets/Nature_pixel_art_assets/Nature_tiles_01/nature_environment_01_79.asset
  artifactKey: Guid(de0d062a9feec324ea214c79c87dac10) Importer(815301076,1909f56bfc062723c751e8b465ee728b)
Number of updated assets reloaded before import = 0
Start importing Assets/Nature_pixel_art_assets/Nature_tiles_01/nature_environment_01_79.asset using Guid(de0d062a9feec324ea214c79c87dac10) Importer(815301076,1909f56bfc062723c751e8b465ee728b)  -> (artifact id: '3fcea8e527e65a317428f31c8bddaf37') in 0.019782 seconds 
Number of asset objects unloaded after import = 3
========================================================================
Received Import Request.
  Time since last request: 0.000019 seconds.
  path: Assets/Nature_pixel_art_assets/Nature_tiles_01/nature_environment_01_97.asset
  artifactKey: Guid(6a4bbaaa16ae47d49a3d6191a5af19f8) Importer(815301076,1909f56bfc062723c751e8b465ee728b)
Number of updated assets reloaded before import = 0
Start importing Assets/Nature_pixel_art_assets/Nature_tiles_01/nature_environment_01_97.asset using Guid(6a4bbaaa16ae47d49a3d6191a5af19f8) Importer(815301076,1909f56bfc062723c751e8b465ee728b)  -> (artifact id: '77c957de3d0a56a9e13b24b83aa34271') in 0.022955 seconds 
Number of asset objects unloaded after import = 3
========================================================================
Received Import Request.
  Time since last request: 0.000019 seconds.
  path: Assets/Nature_pixel_art_assets/Nature_tiles_01/nature_environment_01_76.asset
  artifactKey: Guid(b78c314f622296c418d299f3a8b66ed2) Importer(815301076,1909f56bfc062723c751e8b465ee728b)
Number of updated assets reloaded before import = 0
Start importing Assets/Nature_pixel_art_assets/Nature_tiles_01/nature_environment_01_76.asset using Guid(b78c314f622296c418d299f3a8b66ed2) Importer(815301076,1909f56bfc062723c751e8b465ee728b)  -> (artifact id: '9204cd80f2e6a0f67ac814e7e26921bf') in 0.020525 seconds 
Number of asset objects unloaded after import = 3
========================================================================
Received Import Request.
  Time since last request: 0.000020 seconds.
  path: Assets/Nature_pixel_art_assets/Nature_tiles_01/nature_environment_01_98.asset
  artifactKey: Guid(3c6b6deea85e0d44aac9bf7f17957d0f) Importer(815301076,1909f56bfc062723c751e8b465ee728b)
Number of updated assets reloaded before import = 0
Start importing Assets/Nature_pixel_art_assets/Nature_tiles_01/nature_environment_01_98.asset using Guid(3c6b6deea85e0d44aac9bf7f17957d0f) Importer(815301076,1909f56bfc062723c751e8b465ee728b)  -> (artifact id: 'c682db8badf9c14e50fcb3381b28f58d') in 0.025231 seconds 
Number of asset objects unloaded after import = 3
========================================================================
Received Import Request.
  Time since last request: 0.000040 seconds.
  path: Assets/Nature_pixel_art_assets/Nature_tiles_01/nature_environment_01_48.asset
  artifactKey: Guid(a8b248f8091ec9a4385f9c64c5a99333) Importer(815301076,1909f56bfc062723c751e8b465ee728b)
Number of updated assets reloaded before import = 0
Start importing Assets/Nature_pixel_art_assets/Nature_tiles_01/nature_environment_01_48.asset using Guid(a8b248f8091ec9a4385f9c64c5a99333) Importer(815301076,1909f56bfc062723c751e8b465ee728b)  -> (artifact id: 'eb7fd00105f99b705fefa66987302fcb') in 0.022221 seconds 
Number of asset objects unloaded after import = 3
========================================================================
Received Import Request.
  Time since last request: 0.000030 seconds.
  path: Assets/Nature_pixel_art_assets/Nature_tiles_01/nature_environment_01_101.asset
  artifactKey: Guid(a69b23a0105f6ff4081b4c528ec1b3cd) Importer(815301076,1909f56bfc062723c751e8b465ee728b)
Number of updated assets reloaded before import = 0
Start importing Assets/Nature_pixel_art_assets/Nature_tiles_01/nature_environment_01_101.asset using Guid(a69b23a0105f6ff4081b4c528ec1b3cd) Importer(815301076,1909f56bfc062723c751e8b465ee728b)  -> (artifact id: 'c7cc78abddd1785f9af14b9e1941e200') in 0.022376 seconds 
Number of asset objects unloaded after import = 3
========================================================================
Received Import Request.
  Time since last request: 0.000027 seconds.
  path: Assets/Nature_pixel_art_assets/Nature_tiles_01/nature_environment_01_71.asset
  artifactKey: Guid(a5e57bd29316a4c46b428e3e88bbdbf7) Importer(815301076,1909f56bfc062723c751e8b465ee728b)
Number of updated assets reloaded before import = 0
Start importing Assets/Nature_pixel_art_assets/Nature_tiles_01/nature_environment_01_71.asset using Guid(a5e57bd29316a4c46b428e3e88bbdbf7) Importer(815301076,1909f56bfc062723c751e8b465ee728b)  -> (artifact id: '6dba67221a69f73896270105c981e0ae') in 0.020425 seconds 
Number of asset objects unloaded after import = 3
========================================================================
Received Import Request.
  Time since last request: 0.000018 seconds.
  path: Assets/Nature_pixel_art_assets/Nature_tiles_01/nature_environment_01_14.asset
  artifactKey: Guid(58bf6fe499c773148835b1317df47e43) Importer(815301076,1909f56bfc062723c751e8b465ee728b)
Number of updated assets reloaded before import = 0
Start importing Assets/Nature_pixel_art_assets/Nature_tiles_01/nature_environment_01_14.asset using Guid(58bf6fe499c773148835b1317df47e43) Importer(815301076,1909f56bfc062723c751e8b465ee728b)  -> (artifact id: 'bd7ff0328507b4ca81cc665899aead8d') in 0.022687 seconds 
Number of asset objects unloaded after import = 3
========================================================================
Received Import Request.
  Time since last request: 0.000019 seconds.
  path: Assets/Nature_pixel_art_assets/Nature_tiles_01/nature_environment_01_7.asset
  artifactKey: Guid(d2f43fb3ea3302849bb80e0affd927a7) Importer(815301076,1909f56bfc062723c751e8b465ee728b)
Number of updated assets reloaded before import = 0
Start importing Assets/Nature_pixel_art_assets/Nature_tiles_01/nature_environment_01_7.asset using Guid(d2f43fb3ea3302849bb80e0affd927a7) Importer(815301076,1909f56bfc062723c751e8b465ee728b)  -> (artifact id: '91bd57e831eae562d765364cf3894626') in 0.023165 seconds 
Number of asset objects unloaded after import = 3
========================================================================
Received Import Request.
  Time since last request: 0.000033 seconds.
  path: Assets/Nature_pixel_art_assets/Nature_tiles_01/nature_environment_01_70.asset
  artifactKey: Guid(13a69d7aaa385ca49b6063d10d80170d) Importer(815301076,1909f56bfc062723c751e8b465ee728b)
Number of updated assets reloaded before import = 0
Start importing Assets/Nature_pixel_art_assets/Nature_tiles_01/nature_environment_01_70.asset using Guid(13a69d7aaa385ca49b6063d10d80170d) Importer(815301076,1909f56bfc062723c751e8b465ee728b)  -> (artifact id: '7f853857babab6ee6c5fab6b53a1ebdd') in 0.021994 seconds 
Number of asset objects unloaded after import = 3
========================================================================
Received Import Request.
  Time since last request: 0.000035 seconds.
  path: Assets/Nature_pixel_art_assets/Nature_tiles_01/nature_environment_01_3.asset
  artifactKey: Guid(fb4007b597714824bb4594d5d930448c) Importer(815301076,1909f56bfc062723c751e8b465ee728b)
Number of updated assets reloaded before import = 0
Start importing Assets/Nature_pixel_art_assets/Nature_tiles_01/nature_environment_01_3.asset using Guid(fb4007b597714824bb4594d5d930448c) Importer(815301076,1909f56bfc062723c751e8b465ee728b)  -> (artifact id: '0cb983bf7ece2049d13eb40ad1970e2c') in 0.019634 seconds 
Number of asset objects unloaded after import = 3
========================================================================
Received Import Request.
  Time since last request: 0.000029 seconds.
  path: Assets/Nature_pixel_art_assets/Nature_tiles_01/nature_environment_01_86.asset
  artifactKey: Guid(40c151df02ed0394e887ff8ad3c479fc) Importer(815301076,1909f56bfc062723c751e8b465ee728b)
Number of updated assets reloaded before import = 0
Start importing Assets/Nature_pixel_art_assets/Nature_tiles_01/nature_environment_01_86.asset using Guid(40c151df02ed0394e887ff8ad3c479fc) Importer(815301076,1909f56bfc062723c751e8b465ee728b)  -> (artifact id: '50893f80fca61d770ea0ea5bde1c0d11') in 0.021870 seconds 
Number of asset objects unloaded after import = 3
========================================================================
Received Import Request.
  Time since last request: 0.000020 seconds.
  path: Assets/Nature_pixel_art_assets/Nature_tiles_01/nature_environment_01_37.asset
  artifactKey: Guid(d105ef3629de8b2469b1b4815ca5fbfa) Importer(815301076,1909f56bfc062723c751e8b465ee728b)
Number of updated assets reloaded before import = 0
Start importing Assets/Nature_pixel_art_assets/Nature_tiles_01/nature_environment_01_37.asset using Guid(d105ef3629de8b2469b1b4815ca5fbfa) Importer(815301076,1909f56bfc062723c751e8b465ee728b)  -> (artifact id: 'e788dc805a0fba7f5bea06dda313c0b9') in 0.022740 seconds 
Number of asset objects unloaded after import = 3
========================================================================
Received Import Request.
  Time since last request: 0.000029 seconds.
  path: Assets/Nature_pixel_art_assets/Nature_tiles_01/nature_environment_01_61.asset
  artifactKey: Guid(49173cebef9971a4288cf94b06f0d27d) Importer(815301076,1909f56bfc062723c751e8b465ee728b)
Number of updated assets reloaded before import = 0
Start importing Assets/Nature_pixel_art_assets/Nature_tiles_01/nature_environment_01_61.asset using Guid(49173cebef9971a4288cf94b06f0d27d) Importer(815301076,1909f56bfc062723c751e8b465ee728b)  -> (artifact id: '75d3d6711b57ea8e493cdddce06e10ae') in 0.020393 seconds 
Number of asset objects unloaded after import = 3
========================================================================
Received Import Request.
  Time since last request: 0.000019 seconds.
  path: Assets/Nature_pixel_art_assets/Nature_tiles_01/nature_environment_01_84.asset
  artifactKey: Guid(a4db2ad1d6dfb3841a749538a53f7a27) Importer(815301076,1909f56bfc062723c751e8b465ee728b)
Number of updated assets reloaded before import = 0
Start importing Assets/Nature_pixel_art_assets/Nature_tiles_01/nature_environment_01_84.asset using Guid(a4db2ad1d6dfb3841a749538a53f7a27) Importer(815301076,1909f56bfc062723c751e8b465ee728b)  -> (artifact id: 'c78b8657c105a137150924d83b07a89b') in 0.026435 seconds 
Number of asset objects unloaded after import = 3
========================================================================
Received Import Request.
  Time since last request: 0.000023 seconds.
  path: Assets/Nature_pixel_art_assets/Nature_tiles_01/nature_environment_01_25.asset
  artifactKey: Guid(de00cdaa350b69543a117109c5573263) Importer(815301076,1909f56bfc062723c751e8b465ee728b)
Number of updated assets reloaded before import = 0
Start importing Assets/Nature_pixel_art_assets/Nature_tiles_01/nature_environment_01_25.asset using Guid(de00cdaa350b69543a117109c5573263) Importer(815301076,1909f56bfc062723c751e8b465ee728b)  -> (artifact id: 'de32da9b5152a7f8be5b3a1a4927dc00') in 0.021416 seconds 
Number of asset objects unloaded after import = 3
========================================================================
Received Import Request.
  Time since last request: 0.000029 seconds.
  path: Assets/Nature_pixel_art_assets/Nature_tiles_01/nature_environment_01_39.asset
  artifactKey: Guid(570068a36440d9843bdbbab8b5a35f0d) Importer(815301076,1909f56bfc062723c751e8b465ee728b)
Number of updated assets reloaded before import = 0
Start importing Assets/Nature_pixel_art_assets/Nature_tiles_01/nature_environment_01_39.asset using Guid(570068a36440d9843bdbbab8b5a35f0d) Importer(815301076,1909f56bfc062723c751e8b465ee728b)  -> (artifact id: '5c275111ee95c2c9e9004bd352f1cec2') in 0.022680 seconds 
Number of asset objects unloaded after import = 3
========================================================================
Received Import Request.
  Time since last request: 0.000024 seconds.
  path: Assets/Nature_pixel_art_assets/Nature_tiles_01/nature_environment_01_80.asset
  artifactKey: Guid(8a1a96440416a2c449d0c2c4a5c9c006) Importer(815301076,1909f56bfc062723c751e8b465ee728b)
Number of updated assets reloaded before import = 0
Start importing Assets/Nature_pixel_art_assets/Nature_tiles_01/nature_environment_01_80.asset using Guid(8a1a96440416a2c449d0c2c4a5c9c006) Importer(815301076,1909f56bfc062723c751e8b465ee728b)  -> (artifact id: 'd9f182fb56ad719544e5bc50995f4eed') in 0.024644 seconds 
Number of asset objects unloaded after import = 3
========================================================================
Received Import Request.
  Time since last request: 0.000024 seconds.
  path: Assets/Nature_pixel_art_assets/Nature_tiles_01/nature_environment_01_47.asset
  artifactKey: Guid(9d089f408eb9f7c4e8c1d55f66239dbd) Importer(815301076,1909f56bfc062723c751e8b465ee728b)
Number of updated assets reloaded before import = 0
Start importing Assets/Nature_pixel_art_assets/Nature_tiles_01/nature_environment_01_47.asset using Guid(9d089f408eb9f7c4e8c1d55f66239dbd) Importer(815301076,1909f56bfc062723c751e8b465ee728b)  -> (artifact id: '78e044c5d0bb35c599041e60ab94dc30') in 0.020773 seconds 
Number of asset objects unloaded after import = 3
========================================================================
Received Import Request.
  Time since last request: 0.000027 seconds.
  path: Assets/Nature_pixel_art_assets/Nature_tiles_01/nature_environment_01_40.asset
  artifactKey: Guid(10b220373ed434a4699d1cd6e79364db) Importer(815301076,1909f56bfc062723c751e8b465ee728b)
Number of updated assets reloaded before import = 0
Start importing Assets/Nature_pixel_art_assets/Nature_tiles_01/nature_environment_01_40.asset using Guid(10b220373ed434a4699d1cd6e79364db) Importer(815301076,1909f56bfc062723c751e8b465ee728b)  -> (artifact id: 'e9b435b22568e9b9407f551c4fbcf077') in 0.015565 seconds 
Number of asset objects unloaded after import = 3
========================================================================
Received Import Request.
  Time since last request: 0.000046 seconds.
  path: Assets/Nature_pixel_art_assets/Nature_tiles_01/nature_environment_01_81.asset
  artifactKey: Guid(406c637693f853942b0596fd8988833b) Importer(815301076,1909f56bfc062723c751e8b465ee728b)
Number of updated assets reloaded before import = 0
Start importing Assets/Nature_pixel_art_assets/Nature_tiles_01/nature_environment_01_81.asset using Guid(406c637693f853942b0596fd8988833b) Importer(815301076,1909f56bfc062723c751e8b465ee728b)  -> (artifact id: '1d1ad968fd530886ecf37806a58c28a1') in 0.023980 seconds 
Number of asset objects unloaded after import = 3
========================================================================
Received Import Request.
  Time since last request: 0.000030 seconds.
  path: Assets/Nature_pixel_art_assets/Nature_tiles_01/nature_environment_01_52.asset
  artifactKey: Guid(62077ef255209314bbd51a66e43cae49) Importer(815301076,1909f56bfc062723c751e8b465ee728b)
Number of updated assets reloaded before import = 0
Start importing Assets/Nature_pixel_art_assets/Nature_tiles_01/nature_environment_01_52.asset using Guid(62077ef255209314bbd51a66e43cae49) Importer(815301076,1909f56bfc062723c751e8b465ee728b)  -> (artifact id: '49f2443eadea4172629ada91538cc3ae') in 0.022835 seconds 
Number of asset objects unloaded after import = 3
========================================================================
Received Import Request.
  Time since last request: 0.000032 seconds.
  path: Assets/Nature_pixel_art_assets/Nature_tiles_01/nature_environment_01_60.asset
  artifactKey: Guid(0dbe66b83d5b278498715179f8f5a55c) Importer(815301076,1909f56bfc062723c751e8b465ee728b)
Number of updated assets reloaded before import = 0
Start importing Assets/Nature_pixel_art_assets/Nature_tiles_01/nature_environment_01_60.asset using Guid(0dbe66b83d5b278498715179f8f5a55c) Importer(815301076,1909f56bfc062723c751e8b465ee728b)  -> (artifact id: 'e4f28787b3cb1d7dc953c25a001cc0b5') in 0.024009 seconds 
Number of asset objects unloaded after import = 3
========================================================================
Received Import Request.
  Time since last request: 0.000022 seconds.
  path: Assets/Nature_pixel_art_assets/Nature_tiles_01/nature_environment_01_46.asset
  artifactKey: Guid(f8bde329e3be4f94999206cb0ccd3d5d) Importer(815301076,1909f56bfc062723c751e8b465ee728b)
Number of updated assets reloaded before import = 0
Start importing Assets/Nature_pixel_art_assets/Nature_tiles_01/nature_environment_01_46.asset using Guid(f8bde329e3be4f94999206cb0ccd3d5d) Importer(815301076,1909f56bfc062723c751e8b465ee728b)  -> (artifact id: '3a8afde3ca48dd6a0feb5876277fb395') in 0.021150 seconds 
Number of asset objects unloaded after import = 3
========================================================================
Received Import Request.
  Time since last request: 0.000039 seconds.
  path: Assets/Nature_pixel_art_assets/Nature_tiles_01/nature_environment_01_92.asset
  artifactKey: Guid(37f588140d3d3a14bb78902b710a39b6) Importer(815301076,1909f56bfc062723c751e8b465ee728b)
Number of updated assets reloaded before import = 0
Start importing Assets/Nature_pixel_art_assets/Nature_tiles_01/nature_environment_01_92.asset using Guid(37f588140d3d3a14bb78902b710a39b6) Importer(815301076,1909f56bfc062723c751e8b465ee728b)  -> (artifact id: 'e721de92f0797701abdcd927f06168c9') in 0.026232 seconds 
Number of asset objects unloaded after import = 3
========================================================================
Received Import Request.
  Time since last request: 0.000028 seconds.
  path: Assets/Nature_pixel_art_assets/Nature_tiles_01/nature_environment_01_8.asset
  artifactKey: Guid(1c4046e470f8fe04fb25cbdc443ffb7a) Importer(815301076,1909f56bfc062723c751e8b465ee728b)
Number of updated assets reloaded before import = 0
Start importing Assets/Nature_pixel_art_assets/Nature_tiles_01/nature_environment_01_8.asset using Guid(1c4046e470f8fe04fb25cbdc443ffb7a) Importer(815301076,1909f56bfc062723c751e8b465ee728b)  -> (artifact id: '7c9cd9a97c3117757f2c34940881f32c') in 0.017588 seconds 
Number of asset objects unloaded after import = 3
========================================================================
Received Import Request.
  Time since last request: 0.000023 seconds.
  path: Assets/Nature_pixel_art_assets/Nature_tiles_01/nature_environment_01_89.asset
  artifactKey: Guid(d10cb8e86707da546abe3de7550ce43f) Importer(815301076,1909f56bfc062723c751e8b465ee728b)
Number of updated assets reloaded before import = 0
Start importing Assets/Nature_pixel_art_assets/Nature_tiles_01/nature_environment_01_89.asset using Guid(d10cb8e86707da546abe3de7550ce43f) Importer(815301076,1909f56bfc062723c751e8b465ee728b)  -> (artifact id: '81890110622442021fcbc54649b48772') in 0.022203 seconds 
Number of asset objects unloaded after import = 3
========================================================================
Received Import Request.
  Time since last request: 0.000021 seconds.
  path: Assets/Nature_pixel_art_assets/Nature_tiles_01/nature_environment_01_90.asset
  artifactKey: Guid(7a13e408bc908f647a37c84bdcd94e7e) Importer(815301076,1909f56bfc062723c751e8b465ee728b)
Number of updated assets reloaded before import = 0
Start importing Assets/Nature_pixel_art_assets/Nature_tiles_01/nature_environment_01_90.asset using Guid(7a13e408bc908f647a37c84bdcd94e7e) Importer(815301076,1909f56bfc062723c751e8b465ee728b)  -> (artifact id: '2db8a94bb2b72ef0a5c492729d6a8658') in 0.021881 seconds 
Number of asset objects unloaded after import = 3
========================================================================
Received Import Request.
  Time since last request: 0.000021 seconds.
  path: Assets/Nature_pixel_art_assets/Nature_tiles_01/nature_environment_01_106.asset
  artifactKey: Guid(68006e8b75895ae459905640b2fa9314) Importer(815301076,1909f56bfc062723c751e8b465ee728b)
Number of updated assets reloaded before import = 0
Start importing Assets/Nature_pixel_art_assets/Nature_tiles_01/nature_environment_01_106.asset using Guid(68006e8b75895ae459905640b2fa9314) Importer(815301076,1909f56bfc062723c751e8b465ee728b)  -> (artifact id: '2a563896c448f3126d3fdae4cb72e317') in 0.020830 seconds 
Number of asset objects unloaded after import = 3
========================================================================
Received Import Request.
  Time since last request: 0.000040 seconds.
  path: Assets/Nature_pixel_art_assets/Nature_tiles_01/nature_environment_01_103.asset
  artifactKey: Guid(bf7ffa76c81078e48b2e70c66a321ef5) Importer(815301076,1909f56bfc062723c751e8b465ee728b)
Number of updated assets reloaded before import = 0
Start importing Assets/Nature_pixel_art_assets/Nature_tiles_01/nature_environment_01_103.asset using Guid(bf7ffa76c81078e48b2e70c66a321ef5) Importer(815301076,1909f56bfc062723c751e8b465ee728b)  -> (artifact id: 'bcd6697980706530bf04478bba6f7572') in 0.022048 seconds 
Number of asset objects unloaded after import = 3
========================================================================
Received Import Request.
  Time since last request: 0.000032 seconds.
  path: Assets/Nature_pixel_art_assets/Nature_tiles_01/nature_environment_01_113.asset
  artifactKey: Guid(9ec1dfca4944c2b47891979af04abd8c) Importer(815301076,1909f56bfc062723c751e8b465ee728b)
Number of updated assets reloaded before import = 0
Start importing Assets/Nature_pixel_art_assets/Nature_tiles_01/nature_environment_01_113.asset using Guid(9ec1dfca4944c2b47891979af04abd8c) Importer(815301076,1909f56bfc062723c751e8b465ee728b)  -> (artifact id: 'd009c5f68ae87148f5f489628d8ec06d') in 0.023559 seconds 
Number of asset objects unloaded after import = 3
========================================================================
Received Import Request.
  Time since last request: 0.000027 seconds.
  path: Assets/Nature_pixel_art_assets/Nature_tiles_01/nature_environment_01_108.asset
  artifactKey: Guid(e56370a03b628f84faf8fc75dc303652) Importer(815301076,1909f56bfc062723c751e8b465ee728b)
Number of updated assets reloaded before import = 0
Start importing Assets/Nature_pixel_art_assets/Nature_tiles_01/nature_environment_01_108.asset using Guid(e56370a03b628f84faf8fc75dc303652) Importer(815301076,1909f56bfc062723c751e8b465ee728b)  -> (artifact id: '525b6a1043b77d656387407f760ef627') in 0.024674 seconds 
Number of asset objects unloaded after import = 3
========================================================================
Received Import Request.
  Time since last request: 0.000024 seconds.
  path: Assets/Nature_pixel_art_assets/Nature_tiles_01/nature_environment_01_112.asset
  artifactKey: Guid(c8470df83533b114b9cac8fc52510da9) Importer(815301076,1909f56bfc062723c751e8b465ee728b)
Number of updated assets reloaded before import = 0
Start importing Assets/Nature_pixel_art_assets/Nature_tiles_01/nature_environment_01_112.asset using Guid(c8470df83533b114b9cac8fc52510da9) Importer(815301076,1909f56bfc062723c751e8b465ee728b)  -> (artifact id: 'abf22c4c037ee3f5563c49efd20c3ce0') in 0.024802 seconds 
Number of asset objects unloaded after import = 3
========================================================================
Received Import Request.
  Time since last request: 0.000025 seconds.
  path: Assets/Nature_pixel_art_assets/Nature_tiles_01/nature_environment_01_119.asset
  artifactKey: Guid(b69e20423809eb24c9d678ad087523e9) Importer(815301076,1909f56bfc062723c751e8b465ee728b)
Number of updated assets reloaded before import = 0
Start importing Assets/Nature_pixel_art_assets/Nature_tiles_01/nature_environment_01_119.asset using Guid(b69e20423809eb24c9d678ad087523e9) Importer(815301076,1909f56bfc062723c751e8b465ee728b)  -> (artifact id: '397f1aeca2782ca0a2c7063e9e5a88b2') in 0.022093 seconds 
Number of asset objects unloaded after import = 3
========================================================================
Received Import Request.
  Time since last request: 0.000032 seconds.
  path: Assets/Nature_pixel_art_assets/Nature_tiles_01/nature_environment_01_109.asset
  artifactKey: Guid(f888791ccadda7d4f8a87da247ec057b) Importer(815301076,1909f56bfc062723c751e8b465ee728b)
Number of updated assets reloaded before import = 0
Start importing Assets/Nature_pixel_art_assets/Nature_tiles_01/nature_environment_01_109.asset using Guid(f888791ccadda7d4f8a87da247ec057b) Importer(815301076,1909f56bfc062723c751e8b465ee728b)  -> (artifact id: '7d075b11e159ce7ec465053c6456b722') in 0.021280 seconds 
Number of asset objects unloaded after import = 3
========================================================================
Received Import Request.
  Time since last request: 0.000022 seconds.
  path: Assets/Nature_pixel_art_assets/Nature_tiles_01/nature_environment_01_53.asset
  artifactKey: Guid(7c75b8ab7aaabf54d9431dab6c7b4c86) Importer(815301076,1909f56bfc062723c751e8b465ee728b)
Number of updated assets reloaded before import = 0
Start importing Assets/Nature_pixel_art_assets/Nature_tiles_01/nature_environment_01_53.asset using Guid(7c75b8ab7aaabf54d9431dab6c7b4c86) Importer(815301076,1909f56bfc062723c751e8b465ee728b)  -> (artifact id: '4636007e9bfded6337b6dadc6d829564') in 0.023025 seconds 
Number of asset objects unloaded after import = 3
========================================================================
Received Import Request.
  Time since last request: 0.000024 seconds.
  path: Assets/Nature_pixel_art_assets/Nature_tiles_01/nature_environment_01_27.asset
  artifactKey: Guid(1188a738561c64a4b841a0999be173b0) Importer(815301076,1909f56bfc062723c751e8b465ee728b)
Number of updated assets reloaded before import = 0
Start importing Assets/Nature_pixel_art_assets/Nature_tiles_01/nature_environment_01_27.asset using Guid(1188a738561c64a4b841a0999be173b0) Importer(815301076,1909f56bfc062723c751e8b465ee728b)  -> (artifact id: '1cf78196c67b721221f68b94189a879e') in 0.022755 seconds 
Number of asset objects unloaded after import = 3
========================================================================
Received Import Request.
  Time since last request: 0.000024 seconds.
  path: Assets/Nature_pixel_art_assets/Nature_tiles_01/nature_environment_01_19.asset
  artifactKey: Guid(5cad1f295968b9540a2900c644a2de18) Importer(815301076,1909f56bfc062723c751e8b465ee728b)
Number of updated assets reloaded before import = 0
Start importing Assets/Nature_pixel_art_assets/Nature_tiles_01/nature_environment_01_19.asset using Guid(5cad1f295968b9540a2900c644a2de18) Importer(815301076,1909f56bfc062723c751e8b465ee728b)  -> (artifact id: '767bce2733d345b2f985c0186cc348e6') in 0.022754 seconds 
Number of asset objects unloaded after import = 3
========================================================================
Received Import Request.
  Time since last request: 0.000019 seconds.
  path: Assets/Nature_pixel_art_assets/Nature_tiles_01/nature_environment_01_114.asset
  artifactKey: Guid(37045a328a5f6fc45a40c7ec0a72be80) Importer(815301076,1909f56bfc062723c751e8b465ee728b)
Number of updated assets reloaded before import = 0
Start importing Assets/Nature_pixel_art_assets/Nature_tiles_01/nature_environment_01_114.asset using Guid(37045a328a5f6fc45a40c7ec0a72be80) Importer(815301076,1909f56bfc062723c751e8b465ee728b)  -> (artifact id: 'de887437ac79045ef5248c0273151e91') in 0.021701 seconds 
Number of asset objects unloaded after import = 3
========================================================================
Received Import Request.
  Time since last request: 0.000025 seconds.
  path: Assets/Nature_pixel_art_assets/Nature_tiles_01/nature_environment_01_30.asset
  artifactKey: Guid(1df98482c90f16e40a8a843a60acf2d0) Importer(815301076,1909f56bfc062723c751e8b465ee728b)
Number of updated assets reloaded before import = 0
Start importing Assets/Nature_pixel_art_assets/Nature_tiles_01/nature_environment_01_30.asset using Guid(1df98482c90f16e40a8a843a60acf2d0) Importer(815301076,1909f56bfc062723c751e8b465ee728b)  -> (artifact id: '2827693eac09ceee09cca5b21051d5a9') in 0.022905 seconds 
Number of asset objects unloaded after import = 3
========================================================================
Received Import Request.
  Time since last request: 0.000039 seconds.
  path: Assets/Nature_pixel_art_assets/Nature_tiles_01/nature_environment_01_102.asset
  artifactKey: Guid(0fed784645d9d91428fdd682c5a5ffc8) Importer(815301076,1909f56bfc062723c751e8b465ee728b)
Number of updated assets reloaded before import = 0
Start importing Assets/Nature_pixel_art_assets/Nature_tiles_01/nature_environment_01_102.asset using Guid(0fed784645d9d91428fdd682c5a5ffc8) Importer(815301076,1909f56bfc062723c751e8b465ee728b)  -> (artifact id: '49ebe97007b05371789f5fc71098993a') in 0.020523 seconds 
Number of asset objects unloaded after import = 3
========================================================================
Received Import Request.
  Time since last request: 0.000024 seconds.
  path: Assets/Nature_pixel_art_assets/Nature_tiles_01/nature_environment_01_29.asset
  artifactKey: Guid(4b1fecd43e2cc744e91a26c54b90d8cf) Importer(815301076,1909f56bfc062723c751e8b465ee728b)
Number of updated assets reloaded before import = 0
Start importing Assets/Nature_pixel_art_assets/Nature_tiles_01/nature_environment_01_29.asset using Guid(4b1fecd43e2cc744e91a26c54b90d8cf) Importer(815301076,1909f56bfc062723c751e8b465ee728b)  -> (artifact id: '6fcee1854495befa61b872064ebf8fb1') in 0.022868 seconds 
Number of asset objects unloaded after import = 3
========================================================================
Received Import Request.
  Time since last request: 0.000019 seconds.
  path: Assets/Nature_pixel_art_assets/Nature_tiles_01/nature_environment_01_68.asset
  artifactKey: Guid(d49c2ba1ccd3a88489a149f9fee52c05) Importer(815301076,1909f56bfc062723c751e8b465ee728b)
Number of updated assets reloaded before import = 0
Start importing Assets/Nature_pixel_art_assets/Nature_tiles_01/nature_environment_01_68.asset using Guid(d49c2ba1ccd3a88489a149f9fee52c05) Importer(815301076,1909f56bfc062723c751e8b465ee728b)  -> (artifact id: '8ba553f6bfc969d68568bc9b84617cd0') in 0.021526 seconds 
Number of asset objects unloaded after import = 3
========================================================================
Received Import Request.
  Time since last request: 0.000022 seconds.
  path: Assets/Nature_pixel_art_assets/Nature_tiles_01/nature_environment_01_55.asset
  artifactKey: Guid(f2e5947c1730eea41b86ee788040d851) Importer(815301076,1909f56bfc062723c751e8b465ee728b)
Number of updated assets reloaded before import = 0
Start importing Assets/Nature_pixel_art_assets/Nature_tiles_01/nature_environment_01_55.asset using Guid(f2e5947c1730eea41b86ee788040d851) Importer(815301076,1909f56bfc062723c751e8b465ee728b)  -> (artifact id: '239a94c50f73befba3a7de5d43cd9064') in 0.020409 seconds 
Number of asset objects unloaded after import = 3
========================================================================
Received Import Request.
  Time since last request: 0.000025 seconds.
  path: Assets/Nature_pixel_art_assets/Nature_tiles_01/nature_environment_01_56.asset
  artifactKey: Guid(1d0dbd4545f2c4340b608dbbe8ed5df6) Importer(815301076,1909f56bfc062723c751e8b465ee728b)
Number of updated assets reloaded before import = 0
Start importing Assets/Nature_pixel_art_assets/Nature_tiles_01/nature_environment_01_56.asset using Guid(1d0dbd4545f2c4340b608dbbe8ed5df6) Importer(815301076,1909f56bfc062723c751e8b465ee728b)  -> (artifact id: '9ad5e434287e6aafed2d58f31e6d2ddc') in 0.025729 seconds 
Number of asset objects unloaded after import = 3
========================================================================
Received Import Request.
  Time since last request: 0.000020 seconds.
  path: Assets/Nature_pixel_art_assets/Nature_tiles_01/nature_environment_01_42.asset
  artifactKey: Guid(7edb7b09558aa5546b128e5ac0ebb4fc) Importer(815301076,1909f56bfc062723c751e8b465ee728b)
Number of updated assets reloaded before import = 0
Start importing Assets/Nature_pixel_art_assets/Nature_tiles_01/nature_environment_01_42.asset using Guid(7edb7b09558aa5546b128e5ac0ebb4fc) Importer(815301076,1909f56bfc062723c751e8b465ee728b)  -> (artifact id: '7d04d7f5ca6d2c034144b8f0e5254dec') in 0.025862 seconds 
Number of asset objects unloaded after import = 3
========================================================================
Received Import Request.
  Time since last request: 0.000021 seconds.
  path: Assets/Nature_pixel_art_assets/Nature_tiles_01/nature_environment_01_62.asset
  artifactKey: Guid(b2ae07dd078240b498f766dd4460429c) Importer(815301076,1909f56bfc062723c751e8b465ee728b)
Number of updated assets reloaded before import = 0
Start importing Assets/Nature_pixel_art_assets/Nature_tiles_01/nature_environment_01_62.asset using Guid(b2ae07dd078240b498f766dd4460429c) Importer(815301076,1909f56bfc062723c751e8b465ee728b)  -> (artifact id: '028ab1bf4f3b61014a6a24421878f68d') in 0.022834 seconds 
Number of asset objects unloaded after import = 3
========================================================================
Received Import Request.
  Time since last request: 0.000024 seconds.
  path: Assets/Nature_pixel_art_assets/Nature_tiles_01/nature_environment_01_100.asset
  artifactKey: Guid(f3f07d73416d9744c9f0784e08029e1f) Importer(815301076,1909f56bfc062723c751e8b465ee728b)
Number of updated assets reloaded before import = 0
Start importing Assets/Nature_pixel_art_assets/Nature_tiles_01/nature_environment_01_100.asset using Guid(f3f07d73416d9744c9f0784e08029e1f) Importer(815301076,1909f56bfc062723c751e8b465ee728b)  -> (artifact id: 'a2ec62afbb307f1d064e23224eecff04') in 0.022253 seconds 
Number of asset objects unloaded after import = 3
========================================================================
Received Import Request.
  Time since last request: 0.000023 seconds.
  path: Assets/Nature_pixel_art_assets/Nature_tiles_01/nature_environment_01_38.asset
  artifactKey: Guid(96ff7485d27efed49b137a40bbb7216d) Importer(815301076,1909f56bfc062723c751e8b465ee728b)
Number of updated assets reloaded before import = 0
Start importing Assets/Nature_pixel_art_assets/Nature_tiles_01/nature_environment_01_38.asset using Guid(96ff7485d27efed49b137a40bbb7216d) Importer(815301076,1909f56bfc062723c751e8b465ee728b)  -> (artifact id: 'e369310c47412da191c3089e478d3bf3') in 0.024094 seconds 
Number of asset objects unloaded after import = 3
========================================================================
Received Import Request.
  Time since last request: 0.000026 seconds.
  path: Assets/Nature_pixel_art_assets/Nature_tiles_01/nature_environment_01_15.asset
  artifactKey: Guid(d0485154e49df3946b8c2c9b28b2b580) Importer(815301076,1909f56bfc062723c751e8b465ee728b)
Number of updated assets reloaded before import = 0
Start importing Assets/Nature_pixel_art_assets/Nature_tiles_01/nature_environment_01_15.asset using Guid(d0485154e49df3946b8c2c9b28b2b580) Importer(815301076,1909f56bfc062723c751e8b465ee728b)  -> (artifact id: '3cdea36504dc21540d6d216077a3a101') in 0.027174 seconds 
Number of asset objects unloaded after import = 3
========================================================================
Received Import Request.
  Time since last request: 0.000028 seconds.
  path: Assets/Nature_pixel_art_assets/Nature_tiles_01/nature_environment_01_50.asset
  artifactKey: Guid(2e6a5213fa20e064ba85db2802d863e6) Importer(815301076,1909f56bfc062723c751e8b465ee728b)
Number of updated assets reloaded before import = 0
Start importing Assets/Nature_pixel_art_assets/Nature_tiles_01/nature_environment_01_50.asset using Guid(2e6a5213fa20e064ba85db2802d863e6) Importer(815301076,1909f56bfc062723c751e8b465ee728b)  -> (artifact id: '0e4d8121976580627b80e98f6639a593') in 0.025790 seconds 
Number of asset objects unloaded after import = 3
========================================================================
Received Import Request.
  Time since last request: 0.000021 seconds.
  path: Assets/Nature_pixel_art_assets/Nature_tiles_01/nature_environment_01_74.asset
  artifactKey: Guid(25ba3dd85655d334192098604410b8da) Importer(815301076,1909f56bfc062723c751e8b465ee728b)
Number of updated assets reloaded before import = 0
Start importing Assets/Nature_pixel_art_assets/Nature_tiles_01/nature_environment_01_74.asset using Guid(25ba3dd85655d334192098604410b8da) Importer(815301076,1909f56bfc062723c751e8b465ee728b)  -> (artifact id: 'c4323047a5d7b0c64403c6de41c46c0f') in 0.021917 seconds 
Number of asset objects unloaded after import = 3
========================================================================
Received Import Request.
  Time since last request: 0.000028 seconds.
  path: Assets/Nature_pixel_art_assets/Nature_tiles_01/nature_environment_01_77.asset
  artifactKey: Guid(5b112c8237810c7478c31f0bb3dd0d45) Importer(815301076,1909f56bfc062723c751e8b465ee728b)
Number of updated assets reloaded before import = 0
Start importing Assets/Nature_pixel_art_assets/Nature_tiles_01/nature_environment_01_77.asset using Guid(5b112c8237810c7478c31f0bb3dd0d45) Importer(815301076,1909f56bfc062723c751e8b465ee728b)  -> (artifact id: '784625069a784369cadfeeb4f6075d0e') in 0.022940 seconds 
Number of asset objects unloaded after import = 3
========================================================================
Received Import Request.
  Time since last request: 0.004686 seconds.
  path: Assets/Nature_pixel_art_assets/Nature_tiles_01/nature_environment_01_121.asset
  artifactKey: Guid(72baf1b88370e074589a46cb66fbf5ab) Importer(815301076,1909f56bfc062723c751e8b465ee728b)
Number of updated assets reloaded before import = 0
Start importing Assets/Nature_pixel_art_assets/Nature_tiles_01/nature_environment_01_121.asset using Guid(72baf1b88370e074589a46cb66fbf5ab) Importer(815301076,1909f56bfc062723c751e8b465ee728b)  -> (artifact id: 'cd84b76c448681b5ca0f4f454ac692af') in 0.020702 seconds 
Number of asset objects unloaded after import = 3
========================================================================
Received Import Request.
  Time since last request: 0.000026 seconds.
  path: Assets/Nature_pixel_art_assets/Nature_tiles_01/nature_environment_01_124.asset
  artifactKey: Guid(bb989faa20771a8469515d3bb41b21bf) Importer(815301076,1909f56bfc062723c751e8b465ee728b)
Number of updated assets reloaded before import = 0
Start importing Assets/Nature_pixel_art_assets/Nature_tiles_01/nature_environment_01_124.asset using Guid(bb989faa20771a8469515d3bb41b21bf) Importer(815301076,1909f56bfc062723c751e8b465ee728b)  -> (artifact id: 'ee3b08dd271eecbc9cb06e5cce74b760') in 0.025794 seconds 
Number of asset objects unloaded after import = 3
========================================================================
Received Import Request.
  Time since last request: 0.000023 seconds.
  path: Assets/Nature_pixel_art_assets/Nature_tiles_01/nature_environment_01_127.asset
  artifactKey: Guid(f2f0af9c30431954a88f1a5c11aec3b1) Importer(815301076,1909f56bfc062723c751e8b465ee728b)
Number of updated assets reloaded before import = 0
Start importing Assets/Nature_pixel_art_assets/Nature_tiles_01/nature_environment_01_127.asset using Guid(f2f0af9c30431954a88f1a5c11aec3b1) Importer(815301076,1909f56bfc062723c751e8b465ee728b)  -> (artifact id: '3b6aa8eda6aaab0dda8daed3716ea539') in 0.023866 seconds 
Number of asset objects unloaded after import = 3
========================================================================
Received Import Request.
  Time since last request: 0.000028 seconds.
  path: Assets/Nature_pixel_art_assets/Nature_tiles_01/nature_environment_01_125.asset
  artifactKey: Guid(d639f97f19c00604ea494a0401b35582) Importer(815301076,1909f56bfc062723c751e8b465ee728b)
Number of updated assets reloaded before import = 0
Start importing Assets/Nature_pixel_art_assets/Nature_tiles_01/nature_environment_01_125.asset using Guid(d639f97f19c00604ea494a0401b35582) Importer(815301076,1909f56bfc062723c751e8b465ee728b)  -> (artifact id: '69c9b4825442aabfd491c44c07488ce5') in 0.025968 seconds 
Number of asset objects unloaded after import = 3
========================================================================
Received Prepare
Registering precompiled user dll's ...
Registered in 0.007747 seconds.
Begin MonoManager ReloadAssembly
Native extension for WindowsStandalone target not found
Native extension for Android target not found
Refreshing native plugins compatible for Editor in 1.00 ms, found 3 plugins.
Preloading 0 native plugins for Editor in 0.00 ms.
[Package Manager] Server::EnsureServerProcessIsRunning -- launch failed, reason: Unity was launched with the -noUpm command-line argument
[Package Manager] Cannot connect to Unity Package Manager local server
Mono: successfully reloaded assembly
- Completed reload, in  1.336 seconds
Domain Reload Profiling:
	ReloadAssembly (1337ms)
		BeginReloadAssembly (143ms)
			ExecutionOrderSort (0ms)
			DisableScriptedObjects (8ms)
			BackupInstance (0ms)
			ReleaseScriptingObjects (0ms)
			CreateAndSetChildDomain (41ms)
		EndReloadAssembly (1103ms)
			LoadAssemblies (85ms)
			RebuildTransferFunctionScriptingTraits (0ms)
			SetupTypeCache (181ms)
			ReleaseScriptCaches (2ms)
			RebuildScriptCaches (48ms)
			SetupLoadedEditorAssemblies (744ms)
				LogAssemblyErrors (0ms)
				InitializePlatformSupportModulesInManaged (19ms)
				SetLoadedEditorAssemblies (1ms)
				RefreshPlugins (1ms)
				BeforeProcessingInitializeOnLoad (63ms)
				ProcessInitializeOnLoadAttributes (609ms)
				ProcessInitializeOnLoadMethodAttributes (44ms)
				AfterProcessingInitializeOnLoad (6ms)
				EditorAssembliesLoaded (0ms)
			ExecutionOrderSort2 (0ms)
			AwakeInstancesAfterBackupRestoration (8ms)
Platform modules already initialized, skipping
Refreshing native plugins compatible for Editor in 1.52 ms, found 3 plugins.
Preloading 0 native plugins for Editor in 0.00 ms.
Unloading 2421 Unused Serialized files (Serialized files now loaded: 0)
Unloading 38 unused Assets / (1.7 MB). Loaded Objects now: 3041.
Memory consumption went from 120.7 MB to 118.9 MB.
Total: 7.697000 ms (FindLiveObjects: 0.765800 ms CreateObjectMapping: 0.405500 ms MarkObjects: 5.705000 ms  DeleteObjects: 0.818800 ms)

AssetImportParameters requested are different than current active one (requested -> active):
  custom:video-decoder-ogg-theora: a1e56fd34408186e4bbccfd4996cb3dc -> 
  custom:container-muxer-webm: aa71ff27fc2769a1b78a27578f13a17b -> 
  custom:container-demuxer-webm: 4f35f7cbe854078d1ac9338744f61a02 -> 
  custom:video-encoder-webm-vp8: eb34c28f22e8b96e1ab97ce403110664 -> 
  custom:video-codec-MediaFoundation-h265: 746d11721c4dcdbdad8f713fa42b33f4 -> 
  custom:CustomObjectIndexerAttribute: bc11b3a6c3213fcdd17b65e7da85e133 -> 
  custom:audio-encoder-webm-vorbis: bf7c407c2cedff20999df2af8eb42d56 -> 
  custom:framework-win-MediaFoundation: 216162199b28c13a410421893ffa2e32 -> 
  custom:SearchIndexIgnoredProperties: e643bd26f0fe6173181afceb89e7c659 -> 
  custom:container-demuxer-ogg: 62fdf1f143b41e24485cea50d1cbac27 -> 
  custom:video-decoder-webm-vp8: 9c59270c3fd7afecdb556c50c9e8de78 -> 
  custom:audio-decoder-ogg-vorbis: bf7c407c2cedff20999df2af8eb42d56 -> 
========================================================================
Received Import Request.
  Time since last request: 74.530386 seconds.
  path: Assets/Sprites/man3/a7aeed46277d4d5680a41193baf17bcb.png
  artifactKey: Guid(e5df91827effbe3478535c89783a7ccf) Importer(815301076,1909f56bfc062723c751e8b465ee728b)
Number of updated assets reloaded before import = 0
Start importing Assets/Sprites/man3/a7aeed46277d4d5680a41193baf17bcb.png using Guid(e5df91827effbe3478535c89783a7ccf) Importer(815301076,1909f56bfc062723c751e8b465ee728b)  -> (artifact id: '856ec942f6845cb25d11cec3fc6fdc1f') in 0.066229 seconds 
Number of asset objects unloaded after import = 3
========================================================================
Received Import Request.
  Time since last request: 0.000023 seconds.
  path: Assets/Sprites/man3/BossIcon.psd
  artifactKey: Guid(d9e74357f0b23214196fc365c2a3b9c7) Importer(815301076,1909f56bfc062723c751e8b465ee728b)
Number of updated assets reloaded before import = 0
Start importing Assets/Sprites/man3/BossIcon.psd using Guid(d9e74357f0b23214196fc365c2a3b9c7) Importer(815301076,1909f56bfc062723c751e8b465ee728b)  -> (artifact id: 'd5a7dec5f94e9930514a693a845994a2') in 0.059476 seconds 
Number of asset objects unloaded after import = 3
========================================================================
Received Import Request.
  Time since last request: 0.000023 seconds.
  path: Assets/Sprites/man3/Boss02.psd
  artifactKey: Guid(244793026fedfbd4b912409edb0c4229) Importer(815301076,1909f56bfc062723c751e8b465ee728b)
Number of updated assets reloaded before import = 0
Start importing Assets/Sprites/man3/Boss02.psd using Guid(244793026fedfbd4b912409edb0c4229) Importer(815301076,1909f56bfc062723c751e8b465ee728b)  -> (artifact id: 'de2e7a6be2b5cb99926640db24daf85c') in 0.160449 seconds 
Number of asset objects unloaded after import = 8
========================================================================
Received Import Request.
  Time since last request: 0.000021 seconds.
  path: Assets/Sprites/man3/hpBar.psd
  artifactKey: Guid(9801394eed8704a41a4b1e7ad0f61ff1) Importer(815301076,1909f56bfc062723c751e8b465ee728b)
Number of updated assets reloaded before import = 0
Start importing Assets/Sprites/man3/hpBar.psd using Guid(9801394eed8704a41a4b1e7ad0f61ff1) Importer(815301076,1909f56bfc062723c751e8b465ee728b)  -> (artifact id: 'db7cdc7506fa0f500dba7e82595210a8') in 0.046200 seconds 
Number of asset objects unloaded after import = 3
========================================================================
Received Import Request.
  Time since last request: 0.000031 seconds.
  path: Assets/Sprites/man3/pngtree-cartoon-round-black-bomb-with-fuse-realistic-style-free-vector-png-image_2376027-removebg-preview.png
  artifactKey: Guid(eace5574ded2d604dbbf3aaf7cfd6e36) Importer(815301076,1909f56bfc062723c751e8b465ee728b)
Number of updated assets reloaded before import = 0
Start importing Assets/Sprites/man3/pngtree-cartoon-round-black-bomb-with-fuse-realistic-style-free-vector-png-image_2376027-removebg-preview.png using Guid(eace5574ded2d604dbbf3aaf7cfd6e36) Importer(815301076,1909f56bfc062723c751e8b465ee728b)  -> (artifact id: '9926c315ed964e193a2acc546fe751d7') in 0.049666 seconds 
Number of asset objects unloaded after import = 3
========================================================================
Received Import Request.
  Time since last request: 10.468023 seconds.
  path: Assets/Sprites/chienthang/impact07.png
  artifactKey: Guid(0083b7b0dea45c64f8e1d6d2d2f395d0) Importer(815301076,1909f56bfc062723c751e8b465ee728b)
Number of updated assets reloaded before import = 0
Start importing Assets/Sprites/chienthang/impact07.png using Guid(0083b7b0dea45c64f8e1d6d2d2f395d0) Importer(815301076,1909f56bfc062723c751e8b465ee728b)  -> (artifact id: 'e4e0fdc1fda02bf9ef93db3b0019a950') in 0.423586 seconds 
Number of asset objects unloaded after import = 296
========================================================================
Received Import Request.
  Time since last request: 0.000023 seconds.
  path: Assets/Sprites/chienthang/Impact011OrangeBrown .png
  artifactKey: Guid(7500e729038a54e4f8cc8a0d4a01811a) Importer(815301076,1909f56bfc062723c751e8b465ee728b)
Number of updated assets reloaded before import = 0
Start importing Assets/Sprites/chienthang/Impact011OrangeBrown .png using Guid(7500e729038a54e4f8cc8a0d4a01811a) Importer(815301076,1909f56bfc062723c751e8b465ee728b)  -> (artifact id: '3e831a9e6116c1ffd3442bf610faad11') in 0.040869 seconds 
Number of asset objects unloaded after import = 6
========================================================================
Received Import Request.
  Time since last request: 0.000029 seconds.
  path: Assets/Sprites/chienthang/Impact010Green .png
  artifactKey: Guid(00b81d5a284e0e34bb92718f9429b5c7) Importer(815301076,1909f56bfc062723c751e8b465ee728b)
Number of updated assets reloaded before import = 0
Start importing Assets/Sprites/chienthang/Impact010Green .png using Guid(00b81d5a284e0e34bb92718f9429b5c7) Importer(815301076,1909f56bfc062723c751e8b465ee728b)  -> (artifact id: '5631a1b56ff3e4bb7b2d4aa1d6b4accc') in 0.041296 seconds 
Number of asset objects unloaded after import = 6
========================================================================
Received Import Request.
  Time since last request: 0.000030 seconds.
  path: Assets/Sprites/chienthang/Impact009Yellow .png
  artifactKey: Guid(886b0eb8e7ab4b146b9cc163f71d9982) Importer(815301076,1909f56bfc062723c751e8b465ee728b)
Number of updated assets reloaded before import = 0
Start importing Assets/Sprites/chienthang/Impact009Yellow .png using Guid(886b0eb8e7ab4b146b9cc163f71d9982) Importer(815301076,1909f56bfc062723c751e8b465ee728b)  -> (artifact id: 'd422ac51a74b74fd0af781161118c2d9') in 0.051836 seconds 
Number of asset objects unloaded after import = 6
========================================================================
Received Import Request.
  Time since last request: 0.000021 seconds.
  path: Assets/Sprites/chienthang/impact08.png
  artifactKey: Guid(10d200df0e6842747b64d55d79540995) Importer(815301076,1909f56bfc062723c751e8b465ee728b)
Number of updated assets reloaded before import = 0
Start importing Assets/Sprites/chienthang/impact08.png using Guid(10d200df0e6842747b64d55d79540995) Importer(815301076,1909f56bfc062723c751e8b465ee728b)  -> (artifact id: '237dd3b45848c629bddfa40eb863c268') in 0.398639 seconds 
Number of asset objects unloaded after import = 345
========================================================================
Received Prepare
Registering precompiled user dll's ...
Registered in 0.007402 seconds.
Begin MonoManager ReloadAssembly
Native extension for WindowsStandalone target not found
Native extension for Android target not found
Refreshing native plugins compatible for Editor in 0.77 ms, found 3 plugins.
Preloading 0 native plugins for Editor in 0.00 ms.
[Package Manager] Server::EnsureServerProcessIsRunning -- launch failed, reason: Unity was launched with the -noUpm command-line argument
[Package Manager] Cannot connect to Unity Package Manager local server
Mono: successfully reloaded assembly
- Completed reload, in  1.207 seconds
Domain Reload Profiling:
	ReloadAssembly (1208ms)
		BeginReloadAssembly (124ms)
			ExecutionOrderSort (0ms)
			DisableScriptedObjects (5ms)
			BackupInstance (0ms)
			ReleaseScriptingObjects (0ms)
			CreateAndSetChildDomain (35ms)
		EndReloadAssembly (1010ms)
			LoadAssemblies (78ms)
			RebuildTransferFunctionScriptingTraits (0ms)
			SetupTypeCache (163ms)
			ReleaseScriptCaches (2ms)
			RebuildScriptCaches (49ms)
			SetupLoadedEditorAssemblies (677ms)
				LogAssemblyErrors (0ms)
				InitializePlatformSupportModulesInManaged (17ms)
				SetLoadedEditorAssemblies (0ms)
				RefreshPlugins (1ms)
				BeforeProcessingInitializeOnLoad (54ms)
				ProcessInitializeOnLoadAttributes (564ms)
				ProcessInitializeOnLoadMethodAttributes (35ms)
				AfterProcessingInitializeOnLoad (5ms)
				EditorAssembliesLoaded (0ms)
			ExecutionOrderSort2 (0ms)
			AwakeInstancesAfterBackupRestoration (8ms)
Platform modules already initialized, skipping
Refreshing native plugins compatible for Editor in 1.12 ms, found 3 plugins.
Preloading 0 native plugins for Editor in 0.00 ms.
Unloading 2421 Unused Serialized files (Serialized files now loaded: 0)
Unloading 38 unused Assets / (1.7 MB). Loaded Objects now: 3361.
Memory consumption went from 121.9 MB to 120.1 MB.
Total: 4.943700 ms (FindLiveObjects: 0.422900 ms CreateObjectMapping: 0.276900 ms MarkObjects: 3.628800 ms  DeleteObjects: 0.613700 ms)

AssetImportParameters requested are different than current active one (requested -> active):
  custom:video-decoder-ogg-theora: a1e56fd34408186e4bbccfd4996cb3dc -> 
  custom:container-muxer-webm: aa71ff27fc2769a1b78a27578f13a17b -> 
  custom:container-demuxer-webm: 4f35f7cbe854078d1ac9338744f61a02 -> 
  custom:video-encoder-webm-vp8: eb34c28f22e8b96e1ab97ce403110664 -> 
  custom:video-codec-MediaFoundation-h265: 746d11721c4dcdbdad8f713fa42b33f4 -> 
  custom:CustomObjectIndexerAttribute: bc11b3a6c3213fcdd17b65e7da85e133 -> 
  custom:audio-encoder-webm-vorbis: bf7c407c2cedff20999df2af8eb42d56 -> 
  custom:framework-win-MediaFoundation: 216162199b28c13a410421893ffa2e32 -> 
  custom:SearchIndexIgnoredProperties: e643bd26f0fe6173181afceb89e7c659 -> 
  custom:container-demuxer-ogg: 62fdf1f143b41e24485cea50d1cbac27 -> 
  custom:video-decoder-webm-vp8: 9c59270c3fd7afecdb556c50c9e8de78 -> 
  custom:audio-decoder-ogg-vorbis: bf7c407c2cedff20999df2af8eb42d56 -> 
========================================================================
Received Import Request.
  Time since last request: 66.656897 seconds.
  path: Assets/Resources/Sounds/130-gameplay-1-128bpm.mp3
  artifactKey: Guid(cf0a92ab1d54d4fa2a81417a540f694b) Importer(815301076,1909f56bfc062723c751e8b465ee728b)
Number of updated assets reloaded before import = 0
Start importing Assets/Resources/Sounds/130-gameplay-1-128bpm.mp3 using Guid(cf0a92ab1d54d4fa2a81417a540f694b) Importer(815301076,1909f56bfc062723c751e8b465ee728b)  -> (artifact id: 'a98835feaae79e67cbec7dd694fca1d4') in 0.105983 seconds 
Number of asset objects unloaded after import = 2
========================================================================
Received Import Request.
  Time since last request: 0.000033 seconds.
  path: Assets/Resources/Sounds/Projectile.wav
  artifactKey: Guid(4541528c007cc3c448a18d0483bdfdb7) Importer(815301076,1909f56bfc062723c751e8b465ee728b)
Number of updated assets reloaded before import = 0
Start importing Assets/Resources/Sounds/Projectile.wav using Guid(4541528c007cc3c448a18d0483bdfdb7) Importer(815301076,1909f56bfc062723c751e8b465ee728b)  -> (artifact id: '6e8ac1538d8f6e294fb841cc34d5cf26') in 0.018938 seconds 
Number of asset objects unloaded after import = 2
========================================================================
Received Import Request.
  Time since last request: 0.000038 seconds.
  path: Assets/Resources/Sounds/Level Completed.wav
  artifactKey: Guid(03bc227922cb40846a95006eae0557f1) Importer(815301076,1909f56bfc062723c751e8b465ee728b)
Number of updated assets reloaded before import = 0
Start importing Assets/Resources/Sounds/Level Completed.wav using Guid(03bc227922cb40846a95006eae0557f1) Importer(815301076,1909f56bfc062723c751e8b465ee728b)  -> (artifact id: 'ae1f2fefb1910c846cfb908e93b70b3f') in 0.027298 seconds 
Number of asset objects unloaded after import = 2
========================================================================
Received Import Request.
  Time since last request: 0.000030 seconds.
  path: Assets/Resources/Sounds/jumpland.wav
  artifactKey: Guid(b28cb146db16fd8459b94669b2d9d310) Importer(815301076,1909f56bfc062723c751e8b465ee728b)
Number of updated assets reloaded before import = 0
Start importing Assets/Resources/Sounds/jumpland.wav using Guid(b28cb146db16fd8459b94669b2d9d310) Importer(815301076,1909f56bfc062723c751e8b465ee728b)  -> (artifact id: '4b30e221be861af43e676e4b15901d15') in 0.015857 seconds 
Number of asset objects unloaded after import = 2
========================================================================
Received Import Request.
  Time since last request: 0.000025 seconds.
  path: Assets/Resources/Sounds/Background.wav
  artifactKey: Guid(38500b311617dcf4dbdcfffe2d6589f3) Importer(815301076,1909f56bfc062723c751e8b465ee728b)
Number of updated assets reloaded before import = 0
Start importing Assets/Resources/Sounds/Background.wav using Guid(38500b311617dcf4dbdcfffe2d6589f3) Importer(815301076,1909f56bfc062723c751e8b465ee728b)  -> (artifact id: 'e9184af4053da1d8962f4c8db439ebfa') in 0.015312 seconds 
Number of asset objects unloaded after import = 2
========================================================================
Received Import Request.
  Time since last request: 0.000021 seconds.
  path: Assets/Resources/Sounds/death.wav
  artifactKey: Guid(3c62ebb9af4e0fa40afec704e432120d) Importer(815301076,1909f56bfc062723c751e8b465ee728b)
Number of updated assets reloaded before import = 0
Start importing Assets/Resources/Sounds/death.wav using Guid(3c62ebb9af4e0fa40afec704e432120d) Importer(815301076,1909f56bfc062723c751e8b465ee728b)  -> (artifact id: '555dde0a3c706ff0c786d46285a650a8') in 0.017108 seconds 
Number of asset objects unloaded after import = 2
========================================================================
Received Import Request.
  Time since last request: 0.000019 seconds.
  path: Assets/Resources/Sounds/point.wav
  artifactKey: Guid(deb58622994150f47a4b74066efe8f60) Importer(815301076,1909f56bfc062723c751e8b465ee728b)
Number of updated assets reloaded before import = 0
Start importing Assets/Resources/Sounds/point.wav using Guid(deb58622994150f47a4b74066efe8f60) Importer(815301076,1909f56bfc062723c751e8b465ee728b)  -> (artifact id: 'd58dad7e593e6a73cdba1b0789389410') in 0.021201 seconds 
Number of asset objects unloaded after import = 2
========================================================================
Received Import Request.
  Time since last request: 0.000024 seconds.
  path: Assets/Resources/Sounds/victory.ogg
  artifactKey: Guid(2b2f221a075be6944ba6e2b3cfaff54b) Importer(815301076,1909f56bfc062723c751e8b465ee728b)
Number of updated assets reloaded before import = 0
Start importing Assets/Resources/Sounds/victory.ogg using Guid(2b2f221a075be6944ba6e2b3cfaff54b) Importer(815301076,1909f56bfc062723c751e8b465ee728b)  -> (artifact id: '85131fce58ef4e07ceeb59fb5de2561e') in 0.029563 seconds 
Number of asset objects unloaded after import = 2
========================================================================
Received Import Request.
  Time since last request: 0.000023 seconds.
  path: Assets/Resources/Sounds/minigun.wav
  artifactKey: Guid(78ddd3323279f5d49bad849ae9fa982a) Importer(815301076,1909f56bfc062723c751e8b465ee728b)
Number of updated assets reloaded before import = 0
Start importing Assets/Resources/Sounds/minigun.wav using Guid(78ddd3323279f5d49bad849ae9fa982a) Importer(815301076,1909f56bfc062723c751e8b465ee728b)  -> (artifact id: '5ccfc28fb56852a6c63c20ce5b8fed38') in 0.017357 seconds 
Number of asset objects unloaded after import = 2
========================================================================
Received Import Request.
  Time since last request: 0.000020 seconds.
  path: Assets/Resources/Sounds/Coins.wav
  artifactKey: Guid(d8751b4364559de498089b966e12113e) Importer(815301076,1909f56bfc062723c751e8b465ee728b)
Number of updated assets reloaded before import = 0
Start importing Assets/Resources/Sounds/Coins.wav using Guid(d8751b4364559de498089b966e12113e) Importer(815301076,1909f56bfc062723c751e8b465ee728b)  -> (artifact id: 'de689088a12ffa0b57cf94a565634e0a') in 0.016686 seconds 
Number of asset objects unloaded after import = 2
========================================================================
Received Import Request.
  Time since last request: 0.000023 seconds.
  path: Assets/Resources/Sounds/fly.mp3
  artifactKey: Guid(96af9a106c4dfbe4a938f75beae0d275) Importer(815301076,1909f56bfc062723c751e8b465ee728b)
Number of updated assets reloaded before import = 0
Start importing Assets/Resources/Sounds/fly.mp3 using Guid(96af9a106c4dfbe4a938f75beae0d275) Importer(815301076,1909f56bfc062723c751e8b465ee728b)  -> (artifact id: 'cf70669e5afa61ee156feb019c0126e4') in 0.021458 seconds 
Number of asset objects unloaded after import = 2
========================================================================
Received Import Request.
  Time since last request: 48.950582 seconds.
  path: Assets/Sprites/Materials/coin01.mat
  artifactKey: Guid(eb034fafbd2b73b4ea2336844222bba3) Importer(815301076,1909f56bfc062723c751e8b465ee728b)
Number of updated assets reloaded before import = 0
Start importing Assets/Sprites/Materials/coin01.mat using Guid(eb034fafbd2b73b4ea2336844222bba3) Importer(815301076,1909f56bfc062723c751e8b465ee728b)  -> (artifact id: '22ff5396c118e3b98d11b095fc4c8360') in 0.070868 seconds 
Number of asset objects unloaded after import = 2
========================================================================
Received Import Request.
  Time since last request: 0.000021 seconds.
  path: Assets/Sprites/Materials/Untitled-1.mat
  artifactKey: Guid(667d329b8359045419552331f5639d4e) Importer(815301076,1909f56bfc062723c751e8b465ee728b)
Number of updated assets reloaded before import = 0
Start importing Assets/Sprites/Materials/Untitled-1.mat using Guid(667d329b8359045419552331f5639d4e) Importer(815301076,1909f56bfc062723c751e8b465ee728b)  -> (artifact id: '9687fd38cf4dce8ddcd596948028cf18') in 0.038168 seconds 
Number of asset objects unloaded after import = 2
========================================================================
Received Import Request.
  Time since last request: 0.000020 seconds.
  path: Assets/Sprites/Materials/png-clipart-gunz-the-duel-firearm-rocket-propelled-grenade-weapon-rocket-launcher-rpg-ak47-assault-rifle-thumbnail-removebg-preview.mat
  artifactKey: Guid(96ed8a3071a0c89449076efd7a225b48) Importer(815301076,1909f56bfc062723c751e8b465ee728b)
Number of updated assets reloaded before import = 0
Start importing Assets/Sprites/Materials/png-clipart-gunz-the-duel-firearm-rocket-propelled-grenade-weapon-rocket-launcher-rpg-ak47-assault-rifle-thumbnail-removebg-preview.mat using Guid(96ed8a3071a0c89449076efd7a225b48) Importer(815301076,1909f56bfc062723c751e8b465ee728b)  -> (artifact id: '4868d3598bad77c0bdb93317b8e588f7') in 0.021832 seconds 
Number of asset objects unloaded after import = 2
========================================================================
Received Import Request.
  Time since last request: 0.000019 seconds.
  path: Assets/Sprites/Materials/Hearts.mat
  artifactKey: Guid(ad884c7af5a79b3468ce0e2ac0083afd) Importer(815301076,1909f56bfc062723c751e8b465ee728b)
Number of updated assets reloaded before import = 0
Start importing Assets/Sprites/Materials/Hearts.mat using Guid(ad884c7af5a79b3468ce0e2ac0083afd) Importer(815301076,1909f56bfc062723c751e8b465ee728b)  -> (artifact id: 'dc13ad4dfbff3e7bade4ee30b6c8acd6') in 0.027450 seconds 
Number of asset objects unloaded after import = 2
