Using pre-set license
Built from '2021.3/staging' branch; Version is '2021.3.34f1 (25266724e7bd) revision 2434663'; Using compiler version '192829333'; Build Type 'Release'
OS: 'Windows 11  (10.0.22631) 64bit Core' Language: 'en' Physical Memory: 31428 MB
BatchMode: 1, IsHumanControllingUs: 0, StartBugReporterOnCrash: 0, Is64bit: 1, IsPro: 1

COMMAND LINE ARGUMENTS:
C:\Program Files\Unity\Hub\Editor\2021.3.34f1\Editor\Unity.exe
-adb2
-batchMode
-noUpm
-name
AssetImportWorker0
-projectPath
C:/Users/tho493/Documents/quyetProject/3
-logFile
Logs/AssetImportWorker0.log
-srvPort
56553
Successfully changed project path to: C:/Users/tho493/Documents/quyetProject/3
C:/Users/tho493/Documents/quyetProject/3
[UnityMemory] Configuration Parameters - Can be set up in boot.config
    "memorysetup-bucket-allocator-granularity=16"
    "memorysetup-bucket-allocator-bucket-count=8"
    "memorysetup-bucket-allocator-block-size=33554432"
    "memorysetup-bucket-allocator-block-count=8"
    "memorysetup-main-allocator-block-size=16777216"
    "memorysetup-thread-allocator-block-size=16777216"
    "memorysetup-gfx-main-allocator-block-size=16777216"
    "memorysetup-gfx-thread-allocator-block-size=16777216"
    "memorysetup-cache-allocator-block-size=4194304"
    "memorysetup-typetree-allocator-block-size=2097152"
    "memorysetup-profiler-bucket-allocator-granularity=16"
    "memorysetup-profiler-bucket-allocator-bucket-count=8"
    "memorysetup-profiler-bucket-allocator-block-size=33554432"
    "memorysetup-profiler-bucket-allocator-block-count=8"
    "memorysetup-profiler-allocator-block-size=16777216"
    "memorysetup-profiler-editor-allocator-block-size=1048576"
    "memorysetup-temp-allocator-size-main=16777216"
    "memorysetup-job-temp-allocator-block-size=2097152"
    "memorysetup-job-temp-allocator-block-size-background=1048576"
    "memorysetup-job-temp-allocator-reduction-small-platforms=262144"
    "memorysetup-temp-allocator-size-background-worker=32768"
    "memorysetup-temp-allocator-size-job-worker=262144"
    "memorysetup-temp-allocator-size-preload-manager=33554432"
    "memorysetup-temp-allocator-size-nav-mesh-worker=65536"
    "memorysetup-temp-allocator-size-audio-worker=65536"
    "memorysetup-temp-allocator-size-cloud-worker=32768"
    "memorysetup-temp-allocator-size-gi-baking-worker=262144"
    "memorysetup-temp-allocator-size-gfx=262144"
Player connection [43040] Host "[IP] 192.168.0.107 [Port] 0 [Flags] 2 [Guid] 365721666 [EditorId] 365721666 [Version] 1048832 [Id] WindowsEditor(7,tho493) [Debug] 1 [PackageName] WindowsEditor [ProjectName] Editor" joined multi-casting on [225.0.0.222:54997]...

Player connection [43040] Host "[IP] 192.168.0.107 [Port] 0 [Flags] 2 [Guid] 365721666 [EditorId] 365721666 [Version] 1048832 [Id] WindowsEditor(7,tho493) [Debug] 1 [PackageName] WindowsEditor [ProjectName] Editor" joined alternative multi-casting on [225.0.0.222:34997]...

[Physics::Module] Initialized MultithreadedJobDispatcher with {0} workers.
Refreshing native plugins compatible for Editor in 56.46 ms, found 3 plugins.
Preloading 0 native plugins for Editor in 0.00 ms.
Initialize engine version: 2021.3.34f1 (25266724e7bd)
[Subsystems] Discovering subsystems at path C:/Program Files/Unity/Hub/Editor/2021.3.34f1/Editor/Data/Resources/UnitySubsystems
[Subsystems] Discovering subsystems at path C:/Users/tho493/Documents/quyetProject/3/Assets
GfxDevice: creating device client; threaded=0; jobified=0
Direct3D:
    Version:  Direct3D 11.0 [level 11.1]
    Renderer: NVIDIA GeForce RTX 3050 Laptop GPU (ID=0x25e2)
    Vendor:   NVIDIA
    VRAM:     3964 MB
    Driver:   31.0.15.5123
Initialize mono
Mono path[0] = 'C:/Program Files/Unity/Hub/Editor/2021.3.34f1/Editor/Data/Managed'
Mono path[1] = 'C:/Program Files/Unity/Hub/Editor/2021.3.34f1/Editor/Data/MonoBleedingEdge/lib/mono/unityjit-win32'
Mono config path = 'C:/Program Files/Unity/Hub/Editor/2021.3.34f1/Editor/Data/MonoBleedingEdge/etc'
Using monoOptions --debugger-agent=transport=dt_socket,embedding=1,server=y,suspend=n,address=127.0.0.1:56688
Begin MonoManager ReloadAssembly
Registering precompiled unity dll's ...
Register platform support module: C:/Program Files/Unity/Hub/Editor/2021.3.34f1/Editor/Data/PlaybackEngines/AndroidPlayer/UnityEditor.Android.Extensions.dll
Register platform support module: C:/Program Files/Unity/Hub/Editor/2021.3.34f1/Editor/Data/PlaybackEngines/WindowsStandaloneSupport/UnityEditor.WindowsStandalone.Extensions.dll
Registered in 0.003621 seconds.
Native extension for WindowsStandalone target not found
Native extension for Android target not found
Android Extension - Scanning For ADB Devices 286 ms
Refreshing native plugins compatible for Editor in 53.31 ms, found 3 plugins.
Preloading 0 native plugins for Editor in 0.00 ms.
Mono: successfully reloaded assembly
- Completed reload, in  0.902 seconds
Domain Reload Profiling:
	ReloadAssembly (903ms)
		BeginReloadAssembly (78ms)
			ExecutionOrderSort (0ms)
			DisableScriptedObjects (0ms)
			BackupInstance (0ms)
			ReleaseScriptingObjects (0ms)
			CreateAndSetChildDomain (1ms)
		EndReloadAssembly (744ms)
			LoadAssemblies (77ms)
			RebuildTransferFunctionScriptingTraits (0ms)
			SetupTypeCache (100ms)
			ReleaseScriptCaches (0ms)
			RebuildScriptCaches (25ms)
			SetupLoadedEditorAssemblies (583ms)
				LogAssemblyErrors (0ms)
				InitializePlatformSupportModulesInManaged (410ms)
				SetLoadedEditorAssemblies (0ms)
				RefreshPlugins (53ms)
				BeforeProcessingInitializeOnLoad (2ms)
				ProcessInitializeOnLoadAttributes (81ms)
				ProcessInitializeOnLoadMethodAttributes (36ms)
				AfterProcessingInitializeOnLoad (0ms)
				EditorAssembliesLoaded (0ms)
			ExecutionOrderSort2 (0ms)
			AwakeInstancesAfterBackupRestoration (0ms)
Platform modules already initialized, skipping
Registering precompiled user dll's ...
Registered in 0.006149 seconds.
Begin MonoManager ReloadAssembly
Native extension for WindowsStandalone target not found
Native extension for Android target not found
Refreshing native plugins compatible for Editor in 38.86 ms, found 3 plugins.
Preloading 0 native plugins for Editor in 0.00 ms.
Package Manager log level set to [2]
[Package Manager] Server::EnsureServerProcessIsRunning -- launch failed, reason: Unity was launched with the -noUpm command-line argument
[Package Manager] Cannot connect to Unity Package Manager local server
Mono: successfully reloaded assembly
- Completed reload, in  1.155 seconds
Domain Reload Profiling:
	ReloadAssembly (1156ms)
		BeginReloadAssembly (107ms)
			ExecutionOrderSort (0ms)
			DisableScriptedObjects (5ms)
			BackupInstance (0ms)
			ReleaseScriptingObjects (0ms)
			CreateAndSetChildDomain (24ms)
		EndReloadAssembly (966ms)
			LoadAssemblies (77ms)
			RebuildTransferFunctionScriptingTraits (0ms)
			SetupTypeCache (167ms)
			ReleaseScriptCaches (0ms)
			RebuildScriptCaches (41ms)
			SetupLoadedEditorAssemblies (662ms)
				LogAssemblyErrors (0ms)
				InitializePlatformSupportModulesInManaged (16ms)
				SetLoadedEditorAssemblies (0ms)
				RefreshPlugins (39ms)
				BeforeProcessingInitializeOnLoad (51ms)
				ProcessInitializeOnLoadAttributes (518ms)
				ProcessInitializeOnLoadMethodAttributes (33ms)
				AfterProcessingInitializeOnLoad (4ms)
				EditorAssembliesLoaded (0ms)
			ExecutionOrderSort2 (0ms)
			AwakeInstancesAfterBackupRestoration (5ms)
Platform modules already initialized, skipping
========================================================================
Worker process is ready to serve import requests
Launched and connected shader compiler UnityShaderCompiler.exe after 0.04 seconds
Refreshing native plugins compatible for Editor in 0.85 ms, found 3 plugins.
Preloading 0 native plugins for Editor in 0.00 ms.
Unloading 2459 Unused Serialized files (Serialized files now loaded: 0)
Unloading 49 unused Assets / (1.8 MB). Loaded Objects now: 2910.
Memory consumption went from 124.1 MB to 122.4 MB.
Total: 4.758500 ms (FindLiveObjects: 0.285400 ms CreateObjectMapping: 0.200000 ms MarkObjects: 3.607900 ms  DeleteObjects: 0.663600 ms)

AssetImportParameters requested are different than current active one (requested -> active):
  custom:video-decoder-ogg-theora: a1e56fd34408186e4bbccfd4996cb3dc -> 
  custom:container-muxer-webm: aa71ff27fc2769a1b78a27578f13a17b -> 
  custom:container-demuxer-webm: 4f35f7cbe854078d1ac9338744f61a02 -> 
  custom:video-encoder-webm-vp8: eb34c28f22e8b96e1ab97ce403110664 -> 
  custom:video-codec-MediaFoundation-h265: 746d11721c4dcdbdad8f713fa42b33f4 -> 
  custom:CustomObjectIndexerAttribute: bc11b3a6c3213fcdd17b65e7da85e133 -> 
  custom:audio-encoder-webm-vorbis: bf7c407c2cedff20999df2af8eb42d56 -> 
  custom:framework-win-MediaFoundation: 216162199b28c13a410421893ffa2e32 -> 
  custom:SearchIndexIgnoredProperties: e643bd26f0fe6173181afceb89e7c659 -> 
  custom:container-demuxer-ogg: 62fdf1f143b41e24485cea50d1cbac27 -> 
  custom:video-decoder-webm-vp8: 9c59270c3fd7afecdb556c50c9e8de78 -> 
  custom:audio-decoder-ogg-vorbis: bf7c407c2cedff20999df2af8eb42d56 -> 
========================================================================
Received Import Request.
  Time since last request: 34962.650984 seconds.
  path: Assets/Scenes/Scenes/man2Settings.lighting
  artifactKey: Guid(c76e57f692e5fd949a67da57c2649046) Importer(815301076,1909f56bfc062723c751e8b465ee728b)
Number of updated assets reloaded before import = 0
Start importing Assets/Scenes/Scenes/man2Settings.lighting using Guid(c76e57f692e5fd949a67da57c2649046) Importer(815301076,1909f56bfc062723c751e8b465ee728b) LightingSettings: switching bake backend from 1 to 0.
 -> (artifact id: '78155749da0848682bf7c9d87821e3a6') in 0.052886 seconds 
Number of asset objects unloaded after import = 1
========================================================================
Received Import Request.
  Time since last request: 27.092710 seconds.
  path: Assets/PolyMeshWorld/2D SideScroller Pixel Art Kit Free
  artifactKey: Guid(4bd3d47666fb2b7498c8dfb325d12751) Importer(815301076,1909f56bfc062723c751e8b465ee728b)
Number of updated assets reloaded before import = 0
Start importing Assets/PolyMeshWorld/2D SideScroller Pixel Art Kit Free using Guid(4bd3d47666fb2b7498c8dfb325d12751) Importer(815301076,1909f56bfc062723c751e8b465ee728b)  -> (artifact id: 'ea0a79895ca27272ccb2c3b795f1eef8') in 0.013784 seconds 
Number of asset objects unloaded after import = 0
========================================================================
Received Import Request.
  Time since last request: 1.476411 seconds.
  path: Assets/PolyMeshWorld/2D SideScroller Pixel Art Kit Free/Material
  artifactKey: Guid(c4b1f498397518a41bfa3905acc64c7b) Importer(815301076,1909f56bfc062723c751e8b465ee728b)
Number of updated assets reloaded before import = 0
Start importing Assets/PolyMeshWorld/2D SideScroller Pixel Art Kit Free/Material using Guid(c4b1f498397518a41bfa3905acc64c7b) Importer(815301076,1909f56bfc062723c751e8b465ee728b)  -> (artifact id: '6c1dfc0bf52ef7591b12cb65bc09f667') in 0.011440 seconds 
Number of asset objects unloaded after import = 0
========================================================================
Received Import Request.
  Time since last request: 0.048755 seconds.
  path: Assets/PolyMeshWorld/2D SideScroller Pixel Art Kit Free/Material/M_FireFly.mat
  artifactKey: Guid(2d814bf79720d0447bd75b790ac6fa66) Importer(815301076,1909f56bfc062723c751e8b465ee728b)
Number of updated assets reloaded before import = 0
Start importing Assets/PolyMeshWorld/2D SideScroller Pixel Art Kit Free/Material/M_FireFly.mat using Guid(2d814bf79720d0447bd75b790ac6fa66) Importer(815301076,1909f56bfc062723c751e8b465ee728b)  -> (artifact id: '66ca9dd3d37b38385a427af361f19b24') in 0.076809 seconds 
Number of asset objects unloaded after import = 2
========================================================================
Received Import Request.
  Time since last request: 39.354892 seconds.
  path: Assets/Prefabs
  artifactKey: Guid(2d80b9c53cadfd149be537c847da7579) Importer(815301076,1909f56bfc062723c751e8b465ee728b)
Number of updated assets reloaded before import = 0
Start importing Assets/Prefabs using Guid(2d80b9c53cadfd149be537c847da7579) Importer(815301076,1909f56bfc062723c751e8b465ee728b)  -> (artifact id: '8258ed4a2ca81e7ad37199cac88571c1') in 0.010634 seconds 
Number of asset objects unloaded after import = 0
========================================================================
Received Import Request.
  Time since last request: 0.027935 seconds.
  path: Assets/Prefabs/blood.prefab
  artifactKey: Guid(c7cf9354bd40ea248a376207f9e9073c) Importer(815301076,1909f56bfc062723c751e8b465ee728b)
Number of updated assets reloaded before import = 0
Start importing Assets/Prefabs/blood.prefab using Guid(c7cf9354bd40ea248a376207f9e9073c) Importer(815301076,1909f56bfc062723c751e8b465ee728b)  -> (artifact id: '98f6f5ad4a0fe32ace7899cfe548b756') in 0.101843 seconds 
Number of asset objects unloaded after import = 24
========================================================================
Received Import Request.
  Time since last request: 0.000020 seconds.
  path: Assets/Prefabs/danboss1 1.prefab
  artifactKey: Guid(8edf733236c1356469b18561fd53805e) Importer(815301076,1909f56bfc062723c751e8b465ee728b)
Number of updated assets reloaded before import = 0
Start importing Assets/Prefabs/danboss1 1.prefab using Guid(8edf733236c1356469b18561fd53805e) Importer(815301076,1909f56bfc062723c751e8b465ee728b)  -> (artifact id: '7296941744696e49ea113d72ecc2dd9c') in 0.011671 seconds 
Number of asset objects unloaded after import = 5
========================================================================
Received Import Request.
  Time since last request: 0.000019 seconds.
  path: Assets/Prefabs/ExplosionSimple.prefab
  artifactKey: Guid(bbe50d0aaf9b20142ba98c3650458941) Importer(815301076,1909f56bfc062723c751e8b465ee728b)
Number of updated assets reloaded before import = 0
Start importing Assets/Prefabs/ExplosionSimple.prefab using Guid(bbe50d0aaf9b20142ba98c3650458941) Importer(815301076,1909f56bfc062723c751e8b465ee728b)  -> (artifact id: '87e484401399433d7b286b50be41f79f') in 0.010860 seconds 
Number of asset objects unloaded after import = 6
========================================================================
Received Import Request.
  Time since last request: 0.000029 seconds.
  path: Assets/Prefabs/danBoss.prefab
  artifactKey: Guid(ca5fade3991a4ab498da7c49bd4a9451) Importer(815301076,1909f56bfc062723c751e8b465ee728b)
Number of updated assets reloaded before import = 0
Start importing Assets/Prefabs/danBoss.prefab using Guid(ca5fade3991a4ab498da7c49bd4a9451) Importer(815301076,1909f56bfc062723c751e8b465ee728b)  -> (artifact id: '40d3df90d6363f299545716624f68720') in 0.017679 seconds 
Number of asset objects unloaded after import = 10
========================================================================
Received Import Request.
  Time since last request: 0.000023 seconds.
  path: Assets/Prefabs/boss2.prefab
  artifactKey: Guid(337aed5953875e948b246ef9f6efe5c5) Importer(815301076,1909f56bfc062723c751e8b465ee728b)
Number of updated assets reloaded before import = 0
Start importing Assets/Prefabs/boss2.prefab using Guid(337aed5953875e948b246ef9f6efe5c5) Importer(815301076,1909f56bfc062723c751e8b465ee728b)  -> (artifact id: '457f9a2235925373ab474838fa7b358e') in 0.028992 seconds 
Number of asset objects unloaded after import = 10
========================================================================
Received Import Request.
  Time since last request: 0.000026 seconds.
  path: Assets/Prefabs/danman3.prefab
  artifactKey: Guid(5f1da4cdc172d8944abfe53cde50ffec) Importer(815301076,1909f56bfc062723c751e8b465ee728b)
Number of updated assets reloaded before import = 0
Start importing Assets/Prefabs/danman3.prefab using Guid(5f1da4cdc172d8944abfe53cde50ffec) Importer(815301076,1909f56bfc062723c751e8b465ee728b)  -> (artifact id: '7bcc90298362ac7e9eed21984d6b5663') in 0.019222 seconds 
Number of asset objects unloaded after import = 16
========================================================================
Received Import Request.
  Time since last request: 0.000025 seconds.
  path: Assets/Prefabs/P_Spike (9) Variant.prefab
  artifactKey: Guid(95087acbc7f215e44a680432a9d632df) Importer(815301076,1909f56bfc062723c751e8b465ee728b)
Number of updated assets reloaded before import = 0
Start importing Assets/Prefabs/P_Spike (9) Variant.prefab using Guid(95087acbc7f215e44a680432a9d632df) Importer(815301076,1909f56bfc062723c751e8b465ee728b)  -> (artifact id: '7954c7192c6efcad0d6eb94bd1d19a1d') in 0.013698 seconds 
Number of asset objects unloaded after import = 5
========================================================================
Received Import Request.
  Time since last request: 0.000029 seconds.
  path: Assets/Prefabs/danbosss3.prefab
  artifactKey: Guid(6f06740c0a3340d459423f1076641629) Importer(815301076,1909f56bfc062723c751e8b465ee728b)
Number of updated assets reloaded before import = 0
Start importing Assets/Prefabs/danbosss3.prefab using Guid(6f06740c0a3340d459423f1076641629) Importer(815301076,1909f56bfc062723c751e8b465ee728b)  -> (artifact id: '88f641c3fe631b6c80edaedb9812c697') in 0.013917 seconds 
Number of asset objects unloaded after import = 8
========================================================================
Received Import Request.
  Time since last request: 0.000038 seconds.
  path: Assets/Prefabs/danNo.prefab
  artifactKey: Guid(2754a2c218d339b49893897bc0e79d99) Importer(815301076,1909f56bfc062723c751e8b465ee728b)
Number of updated assets reloaded before import = 0
Start importing Assets/Prefabs/danNo.prefab using Guid(2754a2c218d339b49893897bc0e79d99) Importer(815301076,1909f56bfc062723c751e8b465ee728b)  -> (artifact id: 'ebd325236b412fe00afc3bb10a8f1522') in 0.036025 seconds 
Number of asset objects unloaded after import = 26
========================================================================
Received Import Request.
  Time since last request: 0.000031 seconds.
  path: Assets/Prefabs/knife.prefab
  artifactKey: Guid(82c4b81f4fe3420439a289e033d3b851) Importer(815301076,1909f56bfc062723c751e8b465ee728b)
Number of updated assets reloaded before import = 0
Start importing Assets/Prefabs/knife.prefab using Guid(82c4b81f4fe3420439a289e033d3b851) Importer(815301076,1909f56bfc062723c751e8b465ee728b)  -> (artifact id: '50724b8936e064bbce41b0c45d75b0ab') in 0.025844 seconds 
Number of asset objects unloaded after import = 10
========================================================================
Received Import Request.
  Time since last request: 0.000028 seconds.
  path: Assets/Prefabs/ExplosionSinple.prefab
  artifactKey: Guid(4e6da45dcf7d89e4fa483392f4be17ac) Importer(815301076,1909f56bfc062723c751e8b465ee728b)
Number of updated assets reloaded before import = 0
Start importing Assets/Prefabs/ExplosionSinple.prefab using Guid(4e6da45dcf7d89e4fa483392f4be17ac) Importer(815301076,1909f56bfc062723c751e8b465ee728b)  -> (artifact id: 'be3641dd02af2cff78c7eabc104cb1a7') in 0.016999 seconds 
Number of asset objects unloaded after import = 7
========================================================================
Received Import Request.
  Time since last request: 0.000022 seconds.
  path: Assets/Prefabs/P_Spike (26) Variant.prefab
  artifactKey: Guid(29e3a0f9071f8ad498b4fe6a2015048b) Importer(815301076,1909f56bfc062723c751e8b465ee728b)
Number of updated assets reloaded before import = 0
Start importing Assets/Prefabs/P_Spike (26) Variant.prefab using Guid(29e3a0f9071f8ad498b4fe6a2015048b) Importer(815301076,1909f56bfc062723c751e8b465ee728b)  -> (artifact id: 'bd1c67a762eba1b9f4f89285bcaa903d') in 0.056304 seconds 
Number of asset objects unloaded after import = 16
========================================================================
Received Import Request.
  Time since last request: 0.000027 seconds.
  path: Assets/Prefabs/danBoom.prefab
  artifactKey: Guid(2ef585faa8e53984cbc00b0511eca715) Importer(815301076,1909f56bfc062723c751e8b465ee728b)
Number of updated assets reloaded before import = 0
Start importing Assets/Prefabs/danBoom.prefab using Guid(2ef585faa8e53984cbc00b0511eca715) Importer(815301076,1909f56bfc062723c751e8b465ee728b)  -> (artifact id: '8ba9ffa0d8b8ed56af1b60a7af1ef0dd') in 0.029833 seconds 
Number of asset objects unloaded after import = 34
========================================================================
Received Import Request.
  Time since last request: 0.000023 seconds.
  path: Assets/Prefabs/boss3 1.prefab
  artifactKey: Guid(772abd66790cad3499ec71e529100cc4) Importer(815301076,1909f56bfc062723c751e8b465ee728b)
Number of updated assets reloaded before import = 0
Start importing Assets/Prefabs/boss3 1.prefab using Guid(772abd66790cad3499ec71e529100cc4) Importer(815301076,1909f56bfc062723c751e8b465ee728b)  -> (artifact id: '74411d4ce6d284b7bccc614227e3ea60') in 0.025247 seconds 
Number of asset objects unloaded after import = 21
========================================================================
Received Prepare
Registering precompiled user dll's ...
Registered in 0.004634 seconds.
Begin MonoManager ReloadAssembly
Native extension for WindowsStandalone target not found
Native extension for Android target not found
Refreshing native plugins compatible for Editor in 0.79 ms, found 3 plugins.
Preloading 0 native plugins for Editor in 0.00 ms.
[Package Manager] Server::EnsureServerProcessIsRunning -- launch failed, reason: Unity was launched with the -noUpm command-line argument
[Package Manager] Cannot connect to Unity Package Manager local server
Mono: successfully reloaded assembly
- Completed reload, in  1.144 seconds
Domain Reload Profiling:
	ReloadAssembly (1145ms)
		BeginReloadAssembly (138ms)
			ExecutionOrderSort (0ms)
			DisableScriptedObjects (5ms)
			BackupInstance (0ms)
			ReleaseScriptingObjects (0ms)
			CreateAndSetChildDomain (43ms)
		EndReloadAssembly (918ms)
			LoadAssemblies (84ms)
			RebuildTransferFunctionScriptingTraits (0ms)
			SetupTypeCache (159ms)
			ReleaseScriptCaches (2ms)
			RebuildScriptCaches (42ms)
			SetupLoadedEditorAssemblies (618ms)
				LogAssemblyErrors (0ms)
				InitializePlatformSupportModulesInManaged (17ms)
				SetLoadedEditorAssemblies (0ms)
				RefreshPlugins (1ms)
				BeforeProcessingInitializeOnLoad (51ms)
				ProcessInitializeOnLoadAttributes (516ms)
				ProcessInitializeOnLoadMethodAttributes (28ms)
				AfterProcessingInitializeOnLoad (5ms)
				EditorAssembliesLoaded (0ms)
			ExecutionOrderSort2 (0ms)
			AwakeInstancesAfterBackupRestoration (6ms)
Platform modules already initialized, skipping
Refreshing native plugins compatible for Editor in 0.69 ms, found 3 plugins.
Preloading 0 native plugins for Editor in 0.00 ms.
Unloading 2408 Unused Serialized files (Serialized files now loaded: 0)
Unloading 39 unused Assets / (1.7 MB). Loaded Objects now: 2953.
Memory consumption went from 120.6 MB to 118.8 MB.
Total: 3.304100 ms (FindLiveObjects: 0.239700 ms CreateObjectMapping: 0.087600 ms MarkObjects: 2.581800 ms  DeleteObjects: 0.393200 ms)

AssetImportParameters requested are different than current active one (requested -> active):
  custom:video-decoder-ogg-theora: a1e56fd34408186e4bbccfd4996cb3dc -> 
  custom:container-muxer-webm: aa71ff27fc2769a1b78a27578f13a17b -> 
  custom:container-demuxer-webm: 4f35f7cbe854078d1ac9338744f61a02 -> 
  custom:video-encoder-webm-vp8: eb34c28f22e8b96e1ab97ce403110664 -> 
  custom:video-codec-MediaFoundation-h265: 746d11721c4dcdbdad8f713fa42b33f4 -> 
  custom:CustomObjectIndexerAttribute: bc11b3a6c3213fcdd17b65e7da85e133 -> 
  custom:audio-encoder-webm-vorbis: bf7c407c2cedff20999df2af8eb42d56 -> 
  custom:framework-win-MediaFoundation: 216162199b28c13a410421893ffa2e32 -> 
  custom:SearchIndexIgnoredProperties: e643bd26f0fe6173181afceb89e7c659 -> 
  custom:container-demuxer-ogg: 62fdf1f143b41e24485cea50d1cbac27 -> 
  custom:video-decoder-webm-vp8: 9c59270c3fd7afecdb556c50c9e8de78 -> 
  custom:audio-decoder-ogg-vorbis: bf7c407c2cedff20999df2af8eb42d56 -> 
========================================================================
Received Import Request.
  Time since last request: 105.199691 seconds.
  path: Assets/Sprites/Man2
  artifactKey: Guid(a184cbdcfa2a56e4aa80ef0fe0720eeb) Importer(815301076,1909f56bfc062723c751e8b465ee728b)
Number of updated assets reloaded before import = 0
Start importing Assets/Sprites/Man2 using Guid(a184cbdcfa2a56e4aa80ef0fe0720eeb) Importer(815301076,1909f56bfc062723c751e8b465ee728b)  -> (artifact id: '8c1c6d8f67f1682051b817f2ff34a521') in 0.019528 seconds 
Number of asset objects unloaded after import = 0
========================================================================
Received Import Request.
  Time since last request: 13.855361 seconds.
  path: Assets/Prefabs/dan2 1.prefab
  artifactKey: Guid(daa8097b90df295419ed810031b6206d) Importer(815301076,1909f56bfc062723c751e8b465ee728b)
Number of updated assets reloaded before import = 0
Start importing Assets/Prefabs/dan2 1.prefab using Guid(daa8097b90df295419ed810031b6206d) Importer(815301076,1909f56bfc062723c751e8b465ee728b)  -> (artifact id: '97e1ba9445a1648048e41a37a2779033') in 0.019610 seconds 
Number of asset objects unloaded after import = 8
========================================================================
Received Import Request.
  Time since last request: 0.000021 seconds.
  path: Assets/Prefabs/danman3.prefab
  artifactKey: Guid(5f1da4cdc172d8944abfe53cde50ffec) Importer(815301076,1909f56bfc062723c751e8b465ee728b)
Number of updated assets reloaded before import = 0
Start importing Assets/Prefabs/danman3.prefab using Guid(5f1da4cdc172d8944abfe53cde50ffec) Importer(815301076,1909f56bfc062723c751e8b465ee728b) Tried select unknown importer for id '-2' '00000000000000000000000000000000'
 -> (artifact id: '7b8228e73467248bc68a4b21e300c6a9') in 0.030174 seconds 
Number of asset objects unloaded after import = 10
========================================================================
Received Import Request.
  Time since last request: 86.124656 seconds.
  path: Assets/Scenes/Scenes/Man1.unity
  artifactKey: Guid(2cda990e2423bbf4892e6590ba056729) Importer(815301076,1909f56bfc062723c751e8b465ee728b)
Number of updated assets reloaded before import = 0
Start importing Assets/Scenes/Scenes/Man1.unity using Guid(2cda990e2423bbf4892e6590ba056729) Importer(815301076,1909f56bfc062723c751e8b465ee728b)  -> (artifact id: 'f34b163f2e128fa0982428e75089e79b') in 0.009768 seconds 
Number of asset objects unloaded after import = 0
========================================================================
Received Import Request.
  Time since last request: 7.061750 seconds.
  path: Assets/Sprites/moDau
  artifactKey: Guid(915e2844e35a1ec479b5176dfcd6239b) Importer(815301076,1909f56bfc062723c751e8b465ee728b)
Number of updated assets reloaded before import = 0
Start importing Assets/Sprites/moDau using Guid(915e2844e35a1ec479b5176dfcd6239b) Importer(815301076,1909f56bfc062723c751e8b465ee728b)  -> (artifact id: 'f25dd2615579742c4ddce33f45b7054b') in 0.010850 seconds 
Number of asset objects unloaded after import = 0
========================================================================
Received Import Request.
  Time since last request: 0.010432 seconds.
  path: Assets/Sprites/moDau/number-button-illustration-white-backgroud-41824665__1_-removebg-preview.png
  artifactKey: Guid(74d68b22380e36f47acbf7921f055c23) Importer(815301076,1909f56bfc062723c751e8b465ee728b)
Number of updated assets reloaded before import = 0
Start importing Assets/Sprites/moDau/number-button-illustration-white-backgroud-41824665__1_-removebg-preview.png using Guid(74d68b22380e36f47acbf7921f055c23) Importer(815301076,1909f56bfc062723c751e8b465ee728b)  -> (artifact id: '78029efc9addd8cb383e887908a8799d') in 0.060276 seconds 
Number of asset objects unloaded after import = 3
========================================================================
Received Import Request.
  Time since last request: 0.000019 seconds.
  path: Assets/Sprites/moDau/z3825151139505_10ff369dd5df1a473ee84e20662cc623-removebg-preview.png
  artifactKey: Guid(b531de933f4f4904b8a86cd21956bac8) Importer(815301076,1909f56bfc062723c751e8b465ee728b)
Number of updated assets reloaded before import = 0
Start importing Assets/Sprites/moDau/z3825151139505_10ff369dd5df1a473ee84e20662cc623-removebg-preview.png using Guid(b531de933f4f4904b8a86cd21956bac8) Importer(815301076,1909f56bfc062723c751e8b465ee728b)  -> (artifact id: '5666d4b5be57bb1011d6125cc005acda') in 0.044368 seconds 
Number of asset objects unloaded after import = 3
========================================================================
Received Import Request.
  Time since last request: 0.000024 seconds.
  path: Assets/Sprites/moDau/z3825256592287_7344b812b1cc09a97db2d9b70c03832d-removebg-preview.png
  artifactKey: Guid(9a9625280116d8848a967dd470bd8e3b) Importer(815301076,1909f56bfc062723c751e8b465ee728b)
Number of updated assets reloaded before import = 0
Start importing Assets/Sprites/moDau/z3825256592287_7344b812b1cc09a97db2d9b70c03832d-removebg-preview.png using Guid(9a9625280116d8848a967dd470bd8e3b) Importer(815301076,1909f56bfc062723c751e8b465ee728b)  -> (artifact id: 'e8a2e9ea14a7887cba2fc136dc54cb50') in 0.045569 seconds 
Number of asset objects unloaded after import = 3
========================================================================
Received Import Request.
  Time since last request: 0.000030 seconds.
  path: Assets/Sprites/moDau/z3825085998222_cbf74a91bfbc170120f8169aaa8c307b-removebg-preview.png
  artifactKey: Guid(b43ac552042285f4cbb14b1ba00f6d91) Importer(815301076,1909f56bfc062723c751e8b465ee728b)
Number of updated assets reloaded before import = 0
Start importing Assets/Sprites/moDau/z3825085998222_cbf74a91bfbc170120f8169aaa8c307b-removebg-preview.png using Guid(b43ac552042285f4cbb14b1ba00f6d91) Importer(815301076,1909f56bfc062723c751e8b465ee728b)  -> (artifact id: '97facb70db3432303ff055699856d47d') in 0.042307 seconds 
Number of asset objects unloaded after import = 5
========================================================================
Received Import Request.
  Time since last request: 0.000020 seconds.
  path: Assets/Sprites/moDau/z3825135212271_c6f922075c49588589cd3178bede6084-removebg-preview.png
  artifactKey: Guid(15327e5cf192f3c47a5453a9d415add3) Importer(815301076,1909f56bfc062723c751e8b465ee728b)
Number of updated assets reloaded before import = 0
Start importing Assets/Sprites/moDau/z3825135212271_c6f922075c49588589cd3178bede6084-removebg-preview.png using Guid(15327e5cf192f3c47a5453a9d415add3) Importer(815301076,1909f56bfc062723c751e8b465ee728b)  -> (artifact id: 'a4ade20256b0e32dc1fcce0344816130') in 0.053325 seconds 
Number of asset objects unloaded after import = 3
========================================================================
Received Import Request.
  Time since last request: 0.000022 seconds.
  path: Assets/Sprites/moDau/player6.png
  artifactKey: Guid(ed38e71cda289f743ad82c464e493be6) Importer(815301076,1909f56bfc062723c751e8b465ee728b)
Number of updated assets reloaded before import = 0
Start importing Assets/Sprites/moDau/player6.png using Guid(ed38e71cda289f743ad82c464e493be6) Importer(815301076,1909f56bfc062723c751e8b465ee728b)  -> (artifact id: '15c9a23268671e0b36f47b13c2fc9ec3') in 0.045443 seconds 
Number of asset objects unloaded after import = 3
========================================================================
Received Import Request.
  Time since last request: 0.000017 seconds.
  path: Assets/Sprites/moDau/z3825079264968_55d7c48f89f3bb7f0cc3d03d7b6a11d3-removebg-preview.png
  artifactKey: Guid(373b5f5552c892f44a7de9e778fff4fc) Importer(815301076,1909f56bfc062723c751e8b465ee728b)
Number of updated assets reloaded before import = 0
Start importing Assets/Sprites/moDau/z3825079264968_55d7c48f89f3bb7f0cc3d03d7b6a11d3-removebg-preview.png using Guid(373b5f5552c892f44a7de9e778fff4fc) Importer(815301076,1909f56bfc062723c751e8b465ee728b)  -> (artifact id: '13a5cf2df2f433a5007e18112fbdb8f7') in 0.038088 seconds 
Number of asset objects unloaded after import = 3
========================================================================
Received Import Request.
  Time since last request: 1.427648 seconds.
  path: Assets/Sprites/Materials/png-clipart-gunz-the-duel-firearm-rocket-propelled-grenade-weapon-rocket-launcher-rpg-ak47-assault-rifle-thumbnail-removebg-preview.mat
  artifactKey: Guid(96ed8a3071a0c89449076efd7a225b48) Importer(815301076,1909f56bfc062723c751e8b465ee728b)
Number of updated assets reloaded before import = 0
Start importing Assets/Sprites/Materials/png-clipart-gunz-the-duel-firearm-rocket-propelled-grenade-weapon-rocket-launcher-rpg-ak47-assault-rifle-thumbnail-removebg-preview.mat using Guid(96ed8a3071a0c89449076efd7a225b48) Importer(815301076,1909f56bfc062723c751e8b465ee728b)  -> (artifact id: '4a81ffe9525cad249d8aeaa4b4c72136') in 0.040249 seconds 
Number of asset objects unloaded after import = 1
